<?xml version="1.0" encoding="UTF-8"?>
<robot generator="Robot 7.4.2 (Python 3.14.5 on win32)" generated="2026-06-05T12:58:41.363470" rpa="false" schemaversion="5">
<suite id="s1" name="Cadastro Test" source="C:\Users\dbservices\Desktop\Robot_teste\tests\cadastro_test.robot">
<test id="s1-t1" name="Cadastro Administrador 01" line="12">
<kw name="Abrir navegador" owner="base" type="SETUP">
<msg time="2026-06-05T12:58:41.578504" level="TRACE">Arguments: [  ]</msg>
<kw name="Open Browser" owner="SeleniumLibrary">
<msg time="2026-06-05T12:58:41.579295" level="TRACE">Arguments: [ 'https://front.serverest.dev/' | 'chrome' ]</msg>
<msg time="2026-06-05T12:58:41.579534" level="INFO">Opening browser 'chrome' to base url 'https://front.serverest.dev/'.</msg>
<msg time="2026-06-05T12:58:41.701338" level="DEBUG">Selenium Manager binary found at: C:\Users\dbservices\AppData\Local\Programs\Python\Python314\Lib\site-packages\selenium\webdriver\common\windows\selenium-manager.exe</msg>
<msg time="2026-06-05T12:58:41.701505" level="DEBUG">Executing process: C:\Users\dbservices\AppData\Local\Programs\Python\Python314\Lib\site-packages\selenium\webdriver\common\windows\selenium-manager.exe --browser chrome --language-binding python --output json</msg>
<msg time="2026-06-05T12:58:41.798164" level="DEBUG">Driver path: C:\Users\dbservices\.cache\selenium\chromedriver\win64\148.0.7778.178\chromedriver.exe</msg>
<msg time="2026-06-05T12:58:41.798244" level="DEBUG">Browser path: C:\Program Files\Google\Chrome\Application\chrome.exe</msg>
<msg time="2026-06-05T12:58:41.810082" level="DEBUG">Started executable: `C:\Users\dbservices\.cache\selenium\chromedriver\win64\148.0.7778.178\chromedriver.exe` in a child process with pid: 20516 using 0 to output -3</msg>
<msg time="2026-06-05T12:58:42.347798" level="DEBUG">POST http://localhost:60160/session {'capabilities': {'firstMatch': [{}], 'alwaysMatch': {'browserName': 'chrome', 'pageLoadStrategy': &lt;PageLoadStrategy.normal: 'normal'&gt;, 'browserVersion': None, 'goog:chromeOptions': {'extensions': [], 'binary': 'C:\\Program Files\\Google\\Chrome\\Application\\chrome.exe', 'args': []}}}}</msg>
<msg time="2026-06-05T12:58:42.348463" level="DEBUG">Starting new HTTP connection (1): localhost:60160</msg>
<msg time="2026-06-05T12:58:42.964709" level="DEBUG">http://localhost:60160 "POST /session HTTP/1.1" 200 0</msg>
<msg time="2026-06-05T12:58:42.964838" level="DEBUG">Remote response: status=200 | data={"value":{"capabilities":{"acceptInsecureCerts":false,"browserName":"chrome","browserVersion":"148.0.7778.179","chrome":{"chromedriverVersion":"148.0.7778.178 (d096af1c9e98c45c3596e59620622b1a049bfecb-refs/branch-heads/7778@{#3196})","userDataDir":"C:\\Users\\DBSERV~1\\AppData\\Local\\Temp\\scoped_dir20516_1404105661"},"fedcm:accounts":true,"goog:chromeOptions":{"debuggerAddress":"localhost:60163"},"goog:processID":12348,"networkConnectionEnabled":false,"pageLoadStrategy":"normal","platformName":"windows","proxy":{},"setWindowRect":true,"strictFileInteractability":false,"timeouts":{"implicit":0,"pageLoad":300000,"script":30000},"unhandledPromptBehavior":"dismiss and notify","webauthn:extension:credBlob":true,"webauthn:extension:largeBlob":true,"webauthn:extension:minPinLength":true,"webauthn:extension:prf":true,"webauthn:virtualAuthenticators":true},"sessionId":"52695365a3c5aa76be4c7e42fd6dae46"}} | headers=HTTPHeaderDict({'Content-Length': '910', 'Content-Type': 'application/json; charset=utf-8', 'cache-control': 'no-cache'})</msg>
<msg time="2026-06-05T12:58:42.964906" level="DEBUG">Finished Request</msg>
<msg time="2026-06-05T12:58:42.965031" level="DEBUG">POST http://localhost:60160/session/52695365a3c5aa76be4c7e42fd6dae46/timeouts {'script': 5000}</msg>
<msg time="2026-06-05T12:58:42.965766" level="DEBUG">http://localhost:60160 "POST /session/52695365a3c5aa76be4c7e42fd6dae46/timeouts HTTP/1.1" 200 0</msg>
<msg time="2026-06-05T12:58:42.965864" level="DEBUG">Remote response: status=200 | data={"value":null} | headers=HTTPHeaderDict({'Content-Length': '14', 'Content-Type': 'application/json; charset=utf-8', 'cache-control': 'no-cache'})</msg>
<msg time="2026-06-05T12:58:42.965916" level="DEBUG">Finished Request</msg>
<msg time="2026-06-05T12:58:42.965992" level="DEBUG">POST http://localhost:60160/session/52695365a3c5aa76be4c7e42fd6dae46/timeouts {'implicit': 0}</msg>
<msg time="2026-06-05T12:58:42.966536" level="DEBUG">http://localhost:60160 "POST /session/52695365a3c5aa76be4c7e42fd6dae46/timeouts HTTP/1.1" 200 0</msg>
<msg time="2026-06-05T12:58:42.966600" level="DEBUG">Remote response: status=200 | data={"value":null} | headers=HTTPHeaderDict({'Content-Length': '14', 'Content-Type': 'application/json; charset=utf-8', 'cache-control': 'no-cache'})</msg>
<msg time="2026-06-05T12:58:42.966642" level="DEBUG">Finished Request</msg>
<msg time="2026-06-05T12:58:42.966701" level="DEBUG">POST http://localhost:60160/session/52695365a3c5aa76be4c7e42fd6dae46/timeouts {'pageLoad': 300000}</msg>
<msg time="2026-06-05T12:58:42.967229" level="DEBUG">http://localhost:60160 "POST /session/52695365a3c5aa76be4c7e42fd6dae46/timeouts HTTP/1.1" 200 0</msg>
<msg time="2026-06-05T12:58:42.967303" level="DEBUG">Remote response: status=200 | data={"value":null} | headers=HTTPHeaderDict({'Content-Length': '14', 'Content-Type': 'application/json; charset=utf-8', 'cache-control': 'no-cache'})</msg>
<msg time="2026-06-05T12:58:42.967347" level="DEBUG">Finished Request</msg>
<msg time="2026-06-05T12:58:42.967413" level="DEBUG">POST http://localhost:60160/session/52695365a3c5aa76be4c7e42fd6dae46/url {'url': 'https://front.serverest.dev/'}</msg>
<msg time="2026-06-05T12:58:44.970698" level="DEBUG">http://localhost:60160 "POST /session/52695365a3c5aa76be4c7e42fd6dae46/url HTTP/1.1" 200 0</msg>
<msg time="2026-06-05T12:58:44.970879" level="DEBUG">Remote response: status=200 | data={"value":null} | headers=HTTPHeaderDict({'Content-Length': '14', 'Content-Type': 'application/json; charset=utf-8', 'cache-control': 'no-cache'})</msg>
<msg time="2026-06-05T12:58:44.970965" level="DEBUG">Finished Request</msg>
<msg time="2026-06-05T12:58:44.971019" level="DEBUG">Opened browser with session id 52695365a3c5aa76be4c7e42fd6dae46.</msg>
<msg time="2026-06-05T12:58:44.971076" level="TRACE">Return: 1</msg>
<arg>${URL}</arg>
<arg>${BROWSER}</arg>
<doc>Opens a new browser instance to the optional ``url``.</doc>
<status status="PASS" start="2026-06-05T12:58:41.579073" elapsed="3.392066"/>
</kw>
<kw name="Maximize Browser Window" owner="SeleniumLibrary">
<msg time="2026-06-05T12:58:44.971490" level="TRACE">Arguments: [  ]</msg>
<msg time="2026-06-05T12:58:44.971756" level="DEBUG">POST http://localhost:60160/session/52695365a3c5aa76be4c7e42fd6dae46/window/maximize {}</msg>
<msg time="2026-06-05T12:58:45.006166" level="DEBUG">http://localhost:60160 "POST /session/52695365a3c5aa76be4c7e42fd6dae46/window/maximize HTTP/1.1" 200 0</msg>
<msg time="2026-06-05T12:58:45.006356" level="DEBUG">Remote response: status=200 | data={"value":{"height":736,"width":1382,"x":-8,"y":-8}} | headers=HTTPHeaderDict({'Content-Length': '51', 'Content-Type': 'application/json; charset=utf-8', 'cache-control': 'no-cache'})</msg>
<msg time="2026-06-05T12:58:45.006577" level="DEBUG">Finished Request</msg>
<msg time="2026-06-05T12:58:45.006680" level="TRACE">Return: None</msg>
<doc>Maximizes current browser window.</doc>
<status status="PASS" start="2026-06-05T12:58:44.971399" elapsed="0.035348"/>
</kw>
<msg time="2026-06-05T12:58:45.006872" level="TRACE">Return: None</msg>
<status status="PASS" start="2026-06-05T12:58:41.578297" elapsed="3.428782"/>
</kw>
<kw name="Realizar cadastro como administrador">
<msg time="2026-06-05T12:58:45.009948" level="TRACE">Arguments: [ ${nome}='Telma' | ${email}='telma@email.com' | ${senha}='123456' ]</msg>
<kw name="Dado que o usuário está na página inicial" owner="login_page">
<msg time="2026-06-05T12:58:45.010379" level="TRACE">Arguments: [  ]</msg>
<kw name="Go To" owner="SeleniumLibrary">
<msg time="2026-06-05T12:58:45.010603" level="TRACE">Arguments: [ 'https://front.serverest.dev/' ]</msg>
<msg time="2026-06-05T12:58:45.010688" level="INFO">Opening url 'https://front.serverest.dev/'</msg>
<msg time="2026-06-05T12:58:45.010898" level="DEBUG">POST http://localhost:60160/session/52695365a3c5aa76be4c7e42fd6dae46/url {'url': 'https://front.serverest.dev/'}</msg>
<msg time="2026-06-05T12:58:45.678722" level="DEBUG">http://localhost:60160 "POST /session/52695365a3c5aa76be4c7e42fd6dae46/url HTTP/1.1" 200 0</msg>
<msg time="2026-06-05T12:58:45.678858" level="DEBUG">Remote response: status=200 | data={"value":null} | headers=HTTPHeaderDict({'Content-Length': '14', 'Content-Type': 'application/json; charset=utf-8', 'cache-control': 'no-cache'})</msg>
<msg time="2026-06-05T12:58:45.678933" level="DEBUG">Finished Request</msg>
<msg time="2026-06-05T12:58:45.678993" level="TRACE">Return: None</msg>
<arg>${URL}</arg>
<doc>Navigates the current browser window to the provided ``url``.</doc>
<status status="PASS" start="2026-06-05T12:58:45.010508" elapsed="0.668534"/>
</kw>
<msg time="2026-06-05T12:58:45.679137" level="TRACE">Return: None</msg>
<status status="PASS" start="2026-06-05T12:58:45.010231" elapsed="0.668944"/>
</kw>
<kw name="Quando clicar no botão cadastrar" owner="login_page">
<msg time="2026-06-05T12:58:45.679521" level="TRACE">Arguments: [  ]</msg>
<kw name="Wait Until Element Is Visible" owner="SeleniumLibrary">
<msg time="2026-06-05T12:58:45.680237" level="TRACE">Arguments: [ 'css=[data-testid="cadastrar"]' | datetime.timedelta(seconds=10) ]</msg>
<msg time="2026-06-05T12:58:45.680725" level="DEBUG">POST http://localhost:60160/session/52695365a3c5aa76be4c7e42fd6dae46/elements {'using': 'css selector', 'value': '[data-testid="cadastrar"]'}</msg>
<msg time="2026-06-05T12:58:45.694442" level="DEBUG">http://localhost:60160 "POST /session/52695365a3c5aa76be4c7e42fd6dae46/elements HTTP/1.1" 200 0</msg>
<msg time="2026-06-05T12:58:45.694627" level="DEBUG">Remote response: status=200 | data={"value":[{"element-6066-11e4-a52e-4f735466cecf":"f.755A5DE680B1D3281C10F5C19F16A271.d.63F1F9CD3E84798F3CBBCBDC8B0F9A89.e.19"}]} | headers=HTTPHeaderDict({'Content-Length': '128', 'Content-Type': 'application/json; charset=utf-8', 'cache-control': 'no-cache'})</msg>
<msg time="2026-06-05T12:58:45.694716" level="DEBUG">Finished Request</msg>
<msg time="2026-06-05T12:58:45.695905" level="DEBUG">POST http://localhost:60160/session/52695365a3c5aa76be4c7e42fd6dae46/execute/sync {'script': '/* isDisplayed */return ((function () {\n    var tagNameDescriptor = Object.getOwnPropertyDescriptor(...', 'args': [{'element-6066-11e4-a52e-4f735466cecf': 'f.755A5DE680B1D3281C10F5C19F16A271.d.63F1F9CD3E84798F3CBBCBDC8B0F9A89.e.19'}]}</msg>
<msg time="2026-06-05T12:58:45.703996" level="DEBUG">http://localhost:60160 "POST /session/52695365a3c5aa76be4c7e42fd6dae46/execute/sync HTTP/1.1" 200 0</msg>
<msg time="2026-06-05T12:58:45.704199" level="DEBUG">Remote response: status=200 | data={"value":true} | headers=HTTPHeaderDict({'Content-Length': '14', 'Content-Type': 'application/json; charset=utf-8', 'cache-control': 'no-cache'})</msg>
<msg time="2026-06-05T12:58:45.704329" level="DEBUG">Finished Request</msg>
<msg time="2026-06-05T12:58:45.704432" level="TRACE">Return: None</msg>
<arg>${BTN_CADASTRAR}</arg>
<arg>10s</arg>
<doc>Waits until the element ``locator`` is visible.</doc>
<status status="PASS" start="2026-06-05T12:58:45.679629" elapsed="0.024879"/>
</kw>
<kw name="Click Element" owner="SeleniumLibrary">
<msg time="2026-06-05T12:58:45.705102" level="TRACE">Arguments: [ 'css=[data-testid="cadastrar"]' ]</msg>
<msg time="2026-06-05T12:58:45.705226" level="INFO">Clicking element 'css=[data-testid="cadastrar"]'.</msg>
<msg time="2026-06-05T12:58:45.705485" level="DEBUG">POST http://localhost:60160/session/52695365a3c5aa76be4c7e42fd6dae46/elements {'using': 'css selector', 'value': '[data-testid="cadastrar"]'}</msg>
<msg time="2026-06-05T12:58:45.713456" level="DEBUG">http://localhost:60160 "POST /session/52695365a3c5aa76be4c7e42fd6dae46/elements HTTP/1.1" 200 0</msg>
<msg time="2026-06-05T12:58:45.713611" level="DEBUG">Remote response: status=200 | data={"value":[{"element-6066-11e4-a52e-4f735466cecf":"f.755A5DE680B1D3281C10F5C19F16A271.d.63F1F9CD3E84798F3CBBCBDC8B0F9A89.e.19"}]} | headers=HTTPHeaderDict({'Content-Length': '128', 'Content-Type': 'application/json; charset=utf-8', 'cache-control': 'no-cache'})</msg>
<msg time="2026-06-05T12:58:45.713695" level="DEBUG">Finished Request</msg>
<msg time="2026-06-05T12:58:45.713816" level="DEBUG">POST http://localhost:60160/session/52695365a3c5aa76be4c7e42fd6dae46/element/f.755A5DE680B1D3281C10F5C19F16A271.d.63F1F9CD3E84798F3CBBCBDC8B0F9A89.e.19/click {}</msg>
<msg time="2026-06-05T12:58:45.769985" level="DEBUG">http://localhost:60160 "POST /session/52695365a3c5aa76be4c7e42fd6dae46/element/f.755A5DE680B1D3281C10F5C19F16A271.d.63F1F9CD3E84798F3CBBCBDC8B0F9A89.e.19/click HTTP/1.1" 200 0</msg>
<msg time="2026-06-05T12:58:45.770146" level="DEBUG">Remote response: status=200 | data={"value":null} | headers=HTTPHeaderDict({'Content-Length': '14', 'Content-Type': 'application/json; charset=utf-8', 'cache-control': 'no-cache'})</msg>
<msg time="2026-06-05T12:58:45.770233" level="DEBUG">Finished Request</msg>
<msg time="2026-06-05T12:58:45.770299" level="TRACE">Return: None</msg>
<arg>${BTN_CADASTRAR}</arg>
<doc>Click the element identified by ``locator``.</doc>
<status status="PASS" start="2026-06-05T12:58:45.704788" elapsed="0.065563"/>
</kw>
<msg time="2026-06-05T12:58:45.770452" level="TRACE">Return: None</msg>
<status status="PASS" start="2026-06-05T12:58:45.679356" elapsed="0.091138"/>
</kw>
<kw name="E marcar cadastro como administrador" owner="login_page">
<msg time="2026-06-05T12:58:45.770865" level="TRACE">Arguments: [  ]</msg>
<kw name="Click Element" owner="SeleniumLibrary">
<msg time="2026-06-05T12:58:45.771199" level="TRACE">Arguments: [ 'css=[data-testid="checkbox"]' ]</msg>
<msg time="2026-06-05T12:58:45.771281" level="INFO">Clicking element 'css=[data-testid="checkbox"]'.</msg>
<msg time="2026-06-05T12:58:45.771413" level="DEBUG">POST http://localhost:60160/session/52695365a3c5aa76be4c7e42fd6dae46/elements {'using': 'css selector', 'value': '[data-testid="checkbox"]'}</msg>
<msg time="2026-06-05T12:58:45.783595" level="DEBUG">http://localhost:60160 "POST /session/52695365a3c5aa76be4c7e42fd6dae46/elements HTTP/1.1" 200 0</msg>
<msg time="2026-06-05T12:58:45.783809" level="DEBUG">Remote response: status=200 | data={"value":[{"element-6066-11e4-a52e-4f735466cecf":"f.755A5DE680B1D3281C10F5C19F16A271.d.63F1F9CD3E84798F3CBBCBDC8B0F9A89.e.21"}]} | headers=HTTPHeaderDict({'Content-Length': '128', 'Content-Type': 'application/json; charset=utf-8', 'cache-control': 'no-cache'})</msg>
<msg time="2026-06-05T12:58:45.783948" level="DEBUG">Finished Request</msg>
<msg time="2026-06-05T12:58:45.784125" level="DEBUG">POST http://localhost:60160/session/52695365a3c5aa76be4c7e42fd6dae46/element/f.755A5DE680B1D3281C10F5C19F16A271.d.63F1F9CD3E84798F3CBBCBDC8B0F9A89.e.21/click {}</msg>
<msg time="2026-06-05T12:58:45.855301" level="DEBUG">http://localhost:60160 "POST /session/52695365a3c5aa76be4c7e42fd6dae46/element/f.755A5DE680B1D3281C10F5C19F16A271.d.63F1F9CD3E84798F3CBBCBDC8B0F9A89.e.21/click HTTP/1.1" 200 0</msg>
<msg time="2026-06-05T12:58:45.855468" level="DEBUG">Remote response: status=200 | data={"value":null} | headers=HTTPHeaderDict({'Content-Length': '14', 'Content-Type': 'application/json; charset=utf-8', 'cache-control': 'no-cache'})</msg>
<msg time="2026-06-05T12:58:45.855560" level="DEBUG">Finished Request</msg>
<msg time="2026-06-05T12:58:45.855626" level="TRACE">Return: None</msg>
<arg>${CHECK_CADASTRAR}</arg>
<doc>Click the element identified by ``locator``.</doc>
<status status="PASS" start="2026-06-05T12:58:45.770991" elapsed="0.084686"/>
</kw>
<msg time="2026-06-05T12:58:45.855769" level="TRACE">Return: None</msg>
<status status="PASS" start="2026-06-05T12:58:45.770683" elapsed="0.085125"/>
</kw>
<kw name="E preencher o campo nome" owner="login_page">
<msg time="2026-06-05T12:58:45.856244" level="TRACE">Arguments: [ ${nome}='Telma' ]</msg>
<kw name="Input Text" owner="SeleniumLibrary">
<msg time="2026-06-05T12:58:45.856777" level="TRACE">Arguments: [ 'css=[data-testid="nome"]' | 'Telma' ]</msg>
<msg time="2026-06-05T12:58:45.857086" level="INFO">Typing text 'Telma' into text field 'css=[data-testid="nome"]'.</msg>
<msg time="2026-06-05T12:58:45.857501" level="DEBUG">POST http://localhost:60160/session/52695365a3c5aa76be4c7e42fd6dae46/elements {'using': 'css selector', 'value': '[data-testid="nome"]'}</msg>
<msg time="2026-06-05T12:58:45.867296" level="DEBUG">http://localhost:60160 "POST /session/52695365a3c5aa76be4c7e42fd6dae46/elements HTTP/1.1" 200 0</msg>
<msg time="2026-06-05T12:58:45.867550" level="DEBUG">Remote response: status=200 | data={"value":[{"element-6066-11e4-a52e-4f735466cecf":"f.755A5DE680B1D3281C10F5C19F16A271.d.63F1F9CD3E84798F3CBBCBDC8B0F9A89.e.22"}]} | headers=HTTPHeaderDict({'Content-Length': '128', 'Content-Type': 'application/json; charset=utf-8', 'cache-control': 'no-cache'})</msg>
<msg time="2026-06-05T12:58:45.867701" level="DEBUG">Finished Request</msg>
<msg time="2026-06-05T12:58:45.867850" level="DEBUG">POST http://localhost:60160/session/52695365a3c5aa76be4c7e42fd6dae46/element/f.755A5DE680B1D3281C10F5C19F16A271.d.63F1F9CD3E84798F3CBBCBDC8B0F9A89.e.22/clear {}</msg>
<msg time="2026-06-05T12:58:45.894028" level="DEBUG">http://localhost:60160 "POST /session/52695365a3c5aa76be4c7e42fd6dae46/element/f.755A5DE680B1D3281C10F5C19F16A271.d.63F1F9CD3E84798F3CBBCBDC8B0F9A89.e.22/clear HTTP/1.1" 200 0</msg>
<msg time="2026-06-05T12:58:45.894168" level="DEBUG">Remote response: status=200 | data={"value":null} | headers=HTTPHeaderDict({'Content-Length': '14', 'Content-Type': 'application/json; charset=utf-8', 'cache-control': 'no-cache'})</msg>
<msg time="2026-06-05T12:58:45.894247" level="DEBUG">Finished Request</msg>
<msg time="2026-06-05T12:58:45.894380" level="DEBUG">POST http://localhost:60160/session/52695365a3c5aa76be4c7e42fd6dae46/element/f.755A5DE680B1D3281C10F5C19F16A271.d.63F1F9CD3E84798F3CBBCBDC8B0F9A89.e.22/value {'text': 'Telma', 'value': ['T', 'e', 'l', 'm', 'a']}</msg>
<msg time="2026-06-05T12:58:45.988998" level="DEBUG">http://localhost:60160 "POST /session/52695365a3c5aa76be4c7e42fd6dae46/element/f.755A5DE680B1D3281C10F5C19F16A271.d.63F1F9CD3E84798F3CBBCBDC8B0F9A89.e.22/value HTTP/1.1" 200 0</msg>
<msg time="2026-06-05T12:58:45.989298" level="DEBUG">Remote response: status=200 | data={"value":null} | headers=HTTPHeaderDict({'Content-Length': '14', 'Content-Type': 'application/json; charset=utf-8', 'cache-control': 'no-cache'})</msg>
<msg time="2026-06-05T12:58:45.989486" level="DEBUG">Finished Request</msg>
<msg time="2026-06-05T12:58:45.989607" level="TRACE">Return: None</msg>
<arg>${CAMPO_NOME}</arg>
<arg>${nome}</arg>
<doc>Types the given ``text`` into the text field identified by ``locator``.</doc>
<status status="PASS" start="2026-06-05T12:58:45.856406" elapsed="0.133345"/>
</kw>
<kw name="Sleep" owner="BuiltIn">
<msg time="2026-06-05T12:58:45.990680" level="TRACE">Arguments: [ datetime.timedelta(seconds=2) ]</msg>
<msg time="2026-06-05T12:58:47.991544" level="INFO">Slept 2 seconds.</msg>
<msg time="2026-06-05T12:58:47.991787" level="TRACE">Return: None</msg>
<arg>2s</arg>
<doc>Pauses the test executed for the given time.</doc>
<status status="PASS" start="2026-06-05T12:58:45.990224" elapsed="2.001687"/>
</kw>
<msg time="2026-06-05T12:58:47.992109" level="TRACE">Return: None</msg>
<arg>${nome}</arg>
<status status="PASS" start="2026-06-05T12:58:45.856005" elapsed="2.136186"/>
</kw>
<kw name="E preencher o campo email" owner="login_page">
<msg time="2026-06-05T12:58:47.992739" level="TRACE">Arguments: [ ${email}='telma@email.com' ]</msg>
<kw name="Input Text" owner="SeleniumLibrary">
<msg time="2026-06-05T12:58:47.993204" level="TRACE">Arguments: [ 'css=[data-testid="email"]' | 'telma@email.com' ]</msg>
<msg time="2026-06-05T12:58:47.993305" level="INFO">Typing text 'telma@email.com' into text field 'css=[data-testid="email"]'.</msg>
<msg time="2026-06-05T12:58:47.993481" level="DEBUG">POST http://localhost:60160/session/52695365a3c5aa76be4c7e42fd6dae46/elements {'using': 'css selector', 'value': '[data-testid="email"]'}</msg>
<msg time="2026-06-05T12:58:48.008972" level="DEBUG">http://localhost:60160 "POST /session/52695365a3c5aa76be4c7e42fd6dae46/elements HTTP/1.1" 200 0</msg>
<msg time="2026-06-05T12:58:48.009081" level="DEBUG">Remote response: status=200 | data={"value":[{"element-6066-11e4-a52e-4f735466cecf":"f.755A5DE680B1D3281C10F5C19F16A271.d.63F1F9CD3E84798F3CBBCBDC8B0F9A89.e.25"}]} | headers=HTTPHeaderDict({'Content-Length': '128', 'Content-Type': 'application/json; charset=utf-8', 'cache-control': 'no-cache'})</msg>
<msg time="2026-06-05T12:58:48.009136" level="DEBUG">Finished Request</msg>
<msg time="2026-06-05T12:58:48.009219" level="DEBUG">POST http://localhost:60160/session/52695365a3c5aa76be4c7e42fd6dae46/element/f.755A5DE680B1D3281C10F5C19F16A271.d.63F1F9CD3E84798F3CBBCBDC8B0F9A89.e.25/clear {}</msg>
<msg time="2026-06-05T12:58:48.032415" level="DEBUG">http://localhost:60160 "POST /session/52695365a3c5aa76be4c7e42fd6dae46/element/f.755A5DE680B1D3281C10F5C19F16A271.d.63F1F9CD3E84798F3CBBCBDC8B0F9A89.e.25/clear HTTP/1.1" 200 0</msg>
<msg time="2026-06-05T12:58:48.032524" level="DEBUG">Remote response: status=200 | data={"value":null} | headers=HTTPHeaderDict({'Content-Length': '14', 'Content-Type': 'application/json; charset=utf-8', 'cache-control': 'no-cache'})</msg>
<msg time="2026-06-05T12:58:48.032573" level="DEBUG">Finished Request</msg>
<msg time="2026-06-05T12:58:48.032666" level="DEBUG">POST http://localhost:60160/session/52695365a3c5aa76be4c7e42fd6dae46/element/f.755A5DE680B1D3281C10F5C19F16A271.d.63F1F9CD3E84798F3CBBCBDC8B0F9A89.e.25/value {'text': 'telma@email.com', 'value': ['t', 'e', 'l', 'm', 'a', '@', 'e', 'm', 'a', 'i', 'l', '.', 'c', 'o', 'm']}</msg>
<msg time="2026-06-05T12:58:48.146429" level="DEBUG">http://localhost:60160 "POST /session/52695365a3c5aa76be4c7e42fd6dae46/element/f.755A5DE680B1D3281C10F5C19F16A271.d.63F1F9CD3E84798F3CBBCBDC8B0F9A89.e.25/value HTTP/1.1" 200 0</msg>
<msg time="2026-06-05T12:58:48.146585" level="DEBUG">Remote response: status=200 | data={"value":null} | headers=HTTPHeaderDict({'Content-Length': '14', 'Content-Type': 'application/json; charset=utf-8', 'cache-control': 'no-cache'})</msg>
<msg time="2026-06-05T12:58:48.146636" level="DEBUG">Finished Request</msg>
<msg time="2026-06-05T12:58:48.146676" level="TRACE">Return: None</msg>
<arg>${CAMPO_EMAIL}</arg>
<arg>${email}</arg>
<doc>Types the given ``text`` into the text field identified by ``locator``.</doc>
<status status="PASS" start="2026-06-05T12:58:47.992933" elapsed="0.153775"/>
</kw>
<kw name="Sleep" owner="BuiltIn">
<msg time="2026-06-05T12:58:48.147029" level="TRACE">Arguments: [ datetime.timedelta(seconds=2) ]</msg>
<msg time="2026-06-05T12:58:50.147685" level="INFO">Slept 2 seconds.</msg>
<msg time="2026-06-05T12:58:50.147977" level="TRACE">Return: None</msg>
<arg>2s</arg>
<doc>Pauses the test executed for the given time.</doc>
<status status="PASS" start="2026-06-05T12:58:48.146832" elapsed="2.001300"/>
</kw>
<msg time="2026-06-05T12:58:50.148373" level="TRACE">Return: None</msg>
<arg>${email}</arg>
<status status="PASS" start="2026-06-05T12:58:47.992462" elapsed="2.156001"/>
</kw>
<kw name="E preencher o campo senha" owner="login_page">
<msg time="2026-06-05T12:58:50.149544" level="TRACE">Arguments: [ ${senha}='123456' ]</msg>
<kw name="Input Text" owner="SeleniumLibrary">
<msg time="2026-06-05T12:58:50.150379" level="TRACE">Arguments: [ 'css=[data-testid="password"]' | '123456' ]</msg>
<msg time="2026-06-05T12:58:50.150547" level="INFO">Typing text '123456' into text field 'css=[data-testid="password"]'.</msg>
<msg time="2026-06-05T12:58:50.150852" level="DEBUG">POST http://localhost:60160/session/52695365a3c5aa76be4c7e42fd6dae46/elements {'using': 'css selector', 'value': '[data-testid="password"]'}</msg>
<msg time="2026-06-05T12:58:50.168304" level="DEBUG">http://localhost:60160 "POST /session/52695365a3c5aa76be4c7e42fd6dae46/elements HTTP/1.1" 200 0</msg>
<msg time="2026-06-05T12:58:50.168423" level="DEBUG">Remote response: status=200 | data={"value":[{"element-6066-11e4-a52e-4f735466cecf":"f.755A5DE680B1D3281C10F5C19F16A271.d.63F1F9CD3E84798F3CBBCBDC8B0F9A89.e.26"}]} | headers=HTTPHeaderDict({'Content-Length': '128', 'Content-Type': 'application/json; charset=utf-8', 'cache-control': 'no-cache'})</msg>
<msg time="2026-06-05T12:58:50.168509" level="DEBUG">Finished Request</msg>
<msg time="2026-06-05T12:58:50.168603" level="DEBUG">POST http://localhost:60160/session/52695365a3c5aa76be4c7e42fd6dae46/element/f.755A5DE680B1D3281C10F5C19F16A271.d.63F1F9CD3E84798F3CBBCBDC8B0F9A89.e.26/clear {}</msg>
<msg time="2026-06-05T12:58:50.183931" level="DEBUG">http://localhost:60160 "POST /session/52695365a3c5aa76be4c7e42fd6dae46/element/f.755A5DE680B1D3281C10F5C19F16A271.d.63F1F9CD3E84798F3CBBCBDC8B0F9A89.e.26/clear HTTP/1.1" 200 0</msg>
<msg time="2026-06-05T12:58:50.184035" level="DEBUG">Remote response: status=200 | data={"value":null} | headers=HTTPHeaderDict({'Content-Length': '14', 'Content-Type': 'application/json; charset=utf-8', 'cache-control': 'no-cache'})</msg>
<msg time="2026-06-05T12:58:50.184083" level="DEBUG">Finished Request</msg>
<msg time="2026-06-05T12:58:50.184164" level="DEBUG">POST http://localhost:60160/session/52695365a3c5aa76be4c7e42fd6dae46/element/f.755A5DE680B1D3281C10F5C19F16A271.d.63F1F9CD3E84798F3CBBCBDC8B0F9A89.e.26/value {'text': '123456', 'value': ['1', '2', '3', '4', '5', '6']}</msg>
<msg time="2026-06-05T12:58:50.222247" level="DEBUG">http://localhost:60160 "POST /session/52695365a3c5aa76be4c7e42fd6dae46/element/f.755A5DE680B1D3281C10F5C19F16A271.d.63F1F9CD3E84798F3CBBCBDC8B0F9A89.e.26/value HTTP/1.1" 200 0</msg>
<msg time="2026-06-05T12:58:50.222350" level="DEBUG">Remote response: status=200 | data={"value":null} | headers=HTTPHeaderDict({'Content-Length': '14', 'Content-Type': 'application/json; charset=utf-8', 'cache-control': 'no-cache'})</msg>
<msg time="2026-06-05T12:58:50.222397" level="DEBUG">Finished Request</msg>
<msg time="2026-06-05T12:58:50.222438" level="TRACE">Return: None</msg>
<arg>${CAMPO_SENHA}</arg>
<arg>${senha}</arg>
<doc>Types the given ``text`` into the text field identified by ``locator``.</doc>
<status status="PASS" start="2026-06-05T12:58:50.149876" elapsed="0.072596"/>
</kw>
<kw name="Sleep" owner="BuiltIn">
<msg time="2026-06-05T12:58:50.222806" level="TRACE">Arguments: [ datetime.timedelta(seconds=2) ]</msg>
<msg time="2026-06-05T12:58:52.224545" level="INFO">Slept 2 seconds.</msg>
<msg time="2026-06-05T12:58:52.224811" level="TRACE">Return: None</msg>
<arg>2s</arg>
<doc>Pauses the test executed for the given time.</doc>
<status status="PASS" start="2026-06-05T12:58:50.222608" elapsed="2.002339"/>
</kw>
<msg time="2026-06-05T12:58:52.225200" level="TRACE">Return: None</msg>
<arg>${senha}</arg>
<status status="PASS" start="2026-06-05T12:58:50.148970" elapsed="2.076322"/>
</kw>
<msg time="2026-06-05T12:58:52.225428" level="TRACE">Return: None</msg>
<arg>Telma</arg>
<arg>telma@email.com</arg>
<arg>123456</arg>
<tag>cadastro</tag>
<status status="PASS" start="2026-06-05T12:58:45.009224" elapsed="7.216283"/>
</kw>
<kw name="Fechar navegador" owner="base" type="TEARDOWN">
<msg time="2026-06-05T12:58:52.227886" level="TRACE">Arguments: [  ]</msg>
<kw name="Close Browser" owner="SeleniumLibrary">
<msg time="2026-06-05T12:58:52.228247" level="TRACE">Arguments: [  ]</msg>
<msg time="2026-06-05T12:58:52.228369" level="DEBUG">Closing browser with session id 52695365a3c5aa76be4c7e42fd6dae46.</msg>
<msg time="2026-06-05T12:58:52.228593" level="DEBUG">DELETE http://localhost:60160/session/52695365a3c5aa76be4c7e42fd6dae46 {}</msg>
<msg time="2026-06-05T12:58:52.303375" level="DEBUG">http://localhost:60160 "DELETE /session/52695365a3c5aa76be4c7e42fd6dae46 HTTP/1.1" 200 0</msg>
<msg time="2026-06-05T12:58:52.303520" level="DEBUG">Remote response: status=200 | data={"value":null} | headers=HTTPHeaderDict({'Content-Length': '14', 'Content-Type': 'application/json; charset=utf-8', 'cache-control': 'no-cache'})</msg>
<msg time="2026-06-05T12:58:52.303583" level="DEBUG">Finished Request</msg>
<msg time="2026-06-05T12:58:54.389944" level="TRACE">Return: None</msg>
<doc>Closes the current browser.</doc>
<status status="PASS" start="2026-06-05T12:58:52.228119" elapsed="2.161906"/>
</kw>
<msg time="2026-06-05T12:58:54.390091" level="TRACE">Return: None</msg>
<status status="PASS" start="2026-06-05T12:58:52.227444" elapsed="2.162677"/>
</kw>
<tag>cadastro</tag>
<status status="PASS" start="2026-06-05T12:58:41.577474" elapsed="12.813065"/>
</test>
<test id="s1-t2" name="Cadastro Administrador 02" line="13">
<kw name="Abrir navegador" owner="base" type="SETUP">
<msg time="2026-06-05T12:58:54.391609" level="TRACE">Arguments: [  ]</msg>
<kw name="Open Browser" owner="SeleniumLibrary">
<msg time="2026-06-05T12:58:54.391832" level="TRACE">Arguments: [ 'https://front.serverest.dev/' | 'chrome' ]</msg>
<msg time="2026-06-05T12:58:54.391914" level="INFO">Opening browser 'chrome' to base url 'https://front.serverest.dev/'.</msg>
<msg time="2026-06-05T12:58:54.394934" level="DEBUG">Selenium Manager binary found at: C:\Users\dbservices\AppData\Local\Programs\Python\Python314\Lib\site-packages\selenium\webdriver\common\windows\selenium-manager.exe</msg>
<msg time="2026-06-05T12:58:54.395077" level="DEBUG">Executing process: C:\Users\dbservices\AppData\Local\Programs\Python\Python314\Lib\site-packages\selenium\webdriver\common\windows\selenium-manager.exe --browser chrome --language-binding python --output json</msg>
<msg time="2026-06-05T12:58:54.508329" level="DEBUG">Driver path: C:\Users\dbservices\.cache\selenium\chromedriver\win64\148.0.7778.178\chromedriver.exe</msg>
<msg time="2026-06-05T12:58:54.508438" level="DEBUG">Browser path: C:\Program Files\Google\Chrome\Application\chrome.exe</msg>
<msg time="2026-06-05T12:58:54.517918" level="DEBUG">Started executable: `C:\Users\dbservices\.cache\selenium\chromedriver\win64\148.0.7778.178\chromedriver.exe` in a child process with pid: 2696 using 0 to output -3</msg>
<msg time="2026-06-05T12:58:55.053438" level="DEBUG">POST http://localhost:60247/session {'capabilities': {'firstMatch': [{}], 'alwaysMatch': {'browserName': 'chrome', 'pageLoadStrategy': &lt;PageLoadStrategy.normal: 'normal'&gt;, 'browserVersion': None, 'goog:chromeOptions': {'extensions': [], 'binary': 'C:\\Program Files\\Google\\Chrome\\Application\\chrome.exe', 'args': []}}}}</msg>
<msg time="2026-06-05T12:58:55.054003" level="DEBUG">Starting new HTTP connection (1): localhost:60247</msg>
<msg time="2026-06-05T12:58:55.693633" level="DEBUG">http://localhost:60247 "POST /session HTTP/1.1" 200 0</msg>
<msg time="2026-06-05T12:58:55.693745" level="DEBUG">Remote response: status=200 | data={"value":{"capabilities":{"acceptInsecureCerts":false,"browserName":"chrome","browserVersion":"148.0.7778.179","chrome":{"chromedriverVersion":"148.0.7778.178 (d096af1c9e98c45c3596e59620622b1a049bfecb-refs/branch-heads/7778@{#3196})","userDataDir":"C:\\Users\\DBSERV~1\\AppData\\Local\\Temp\\scoped_dir2696_898124183"},"fedcm:accounts":true,"goog:chromeOptions":{"debuggerAddress":"localhost:60250"},"goog:processID":19196,"networkConnectionEnabled":false,"pageLoadStrategy":"normal","platformName":"windows","proxy":{},"setWindowRect":true,"strictFileInteractability":false,"timeouts":{"implicit":0,"pageLoad":300000,"script":30000},"unhandledPromptBehavior":"dismiss and notify","webauthn:extension:credBlob":true,"webauthn:extension:largeBlob":true,"webauthn:extension:minPinLength":true,"webauthn:extension:prf":true,"webauthn:virtualAuthenticators":true},"sessionId":"6a203712293134700167bcda403a3b23"}} | headers=HTTPHeaderDict({'Content-Length': '908', 'Content-Type': 'application/json; charset=utf-8', 'cache-control': 'no-cache'})</msg>
<msg time="2026-06-05T12:58:55.693807" level="DEBUG">Finished Request</msg>
<msg time="2026-06-05T12:58:55.693906" level="DEBUG">POST http://localhost:60247/session/6a203712293134700167bcda403a3b23/timeouts {'script': 5000}</msg>
<msg time="2026-06-05T12:58:55.694721" level="DEBUG">http://localhost:60247 "POST /session/6a203712293134700167bcda403a3b23/timeouts HTTP/1.1" 200 0</msg>
<msg time="2026-06-05T12:58:55.694908" level="DEBUG">Remote response: status=200 | data={"value":null} | headers=HTTPHeaderDict({'Content-Length': '14', 'Content-Type': 'application/json; charset=utf-8', 'cache-control': 'no-cache'})</msg>
<msg time="2026-06-05T12:58:55.694965" level="DEBUG">Finished Request</msg>
<msg time="2026-06-05T12:58:55.695057" level="DEBUG">POST http://localhost:60247/session/6a203712293134700167bcda403a3b23/timeouts {'implicit': 0}</msg>
<msg time="2026-06-05T12:58:55.695692" level="DEBUG">http://localhost:60247 "POST /session/6a203712293134700167bcda403a3b23/timeouts HTTP/1.1" 200 0</msg>
<msg time="2026-06-05T12:58:55.695824" level="DEBUG">Remote response: status=200 | data={"value":null} | headers=HTTPHeaderDict({'Content-Length': '14', 'Content-Type': 'application/json; charset=utf-8', 'cache-control': 'no-cache'})</msg>
<msg time="2026-06-05T12:58:55.695998" level="DEBUG">Finished Request</msg>
<msg time="2026-06-05T12:58:55.696148" level="DEBUG">POST http://localhost:60247/session/6a203712293134700167bcda403a3b23/timeouts {'pageLoad': 300000}</msg>
<msg time="2026-06-05T12:58:55.697081" level="DEBUG">http://localhost:60247 "POST /session/6a203712293134700167bcda403a3b23/timeouts HTTP/1.1" 200 0</msg>
<msg time="2026-06-05T12:58:55.697191" level="DEBUG">Remote response: status=200 | data={"value":null} | headers=HTTPHeaderDict({'Content-Length': '14', 'Content-Type': 'application/json; charset=utf-8', 'cache-control': 'no-cache'})</msg>
<msg time="2026-06-05T12:58:55.697266" level="DEBUG">Finished Request</msg>
<msg time="2026-06-05T12:58:55.697378" level="DEBUG">POST http://localhost:60247/session/6a203712293134700167bcda403a3b23/url {'url': 'https://front.serverest.dev/'}</msg>
<msg time="2026-06-05T12:58:58.269094" level="DEBUG">http://localhost:60247 "POST /session/6a203712293134700167bcda403a3b23/url HTTP/1.1" 200 0</msg>
<msg time="2026-06-05T12:58:58.269309" level="DEBUG">Remote response: status=200 | data={"value":null} | headers=HTTPHeaderDict({'Content-Length': '14', 'Content-Type': 'application/json; charset=utf-8', 'cache-control': 'no-cache'})</msg>
<msg time="2026-06-05T12:58:58.269428" level="DEBUG">Finished Request</msg>
<msg time="2026-06-05T12:58:58.269493" level="DEBUG">Opened browser with session id 6a203712293134700167bcda403a3b23.</msg>
<msg time="2026-06-05T12:58:58.269551" level="TRACE">Return: 2</msg>
<arg>${URL}</arg>
<arg>${BROWSER}</arg>
<doc>Opens a new browser instance to the optional ``url``.</doc>
<status status="PASS" start="2026-06-05T12:58:54.391715" elapsed="3.877903"/>
</kw>
<kw name="Maximize Browser Window" owner="SeleniumLibrary">
<msg time="2026-06-05T12:58:58.269918" level="TRACE">Arguments: [  ]</msg>
<msg time="2026-06-05T12:58:58.270189" level="DEBUG">POST http://localhost:60247/session/6a203712293134700167bcda403a3b23/window/maximize {}</msg>
<msg time="2026-06-05T12:58:58.299519" level="DEBUG">http://localhost:60247 "POST /session/6a203712293134700167bcda403a3b23/window/maximize HTTP/1.1" 200 0</msg>
<msg time="2026-06-05T12:58:58.299675" level="DEBUG">Remote response: status=200 | data={"value":{"height":736,"width":1382,"x":-8,"y":-8}} | headers=HTTPHeaderDict({'Content-Length': '51', 'Content-Type': 'application/json; charset=utf-8', 'cache-control': 'no-cache'})</msg>
<msg time="2026-06-05T12:58:58.299764" level="DEBUG">Finished Request</msg>
<msg time="2026-06-05T12:58:58.299839" level="TRACE">Return: None</msg>
<doc>Maximizes current browser window.</doc>
<status status="PASS" start="2026-06-05T12:58:58.269830" elapsed="0.030071"/>
</kw>
<msg time="2026-06-05T12:58:58.300025" level="TRACE">Return: None</msg>
<status status="PASS" start="2026-06-05T12:58:54.391479" elapsed="3.908595"/>
</kw>
<kw name="Realizar cadastro como administrador">
<msg time="2026-06-05T12:58:58.301331" level="TRACE">Arguments: [ ${nome}='joses' | ${email}='joses@email.com' | ${senha}='123456' ]</msg>
<kw name="Dado que o usuário está na página inicial" owner="login_page">
<msg time="2026-06-05T12:58:58.301851" level="TRACE">Arguments: [  ]</msg>
<kw name="Go To" owner="SeleniumLibrary">
<msg time="2026-06-05T12:58:58.302104" level="TRACE">Arguments: [ 'https://front.serverest.dev/' ]</msg>
<msg time="2026-06-05T12:58:58.302195" level="INFO">Opening url 'https://front.serverest.dev/'</msg>
<msg time="2026-06-05T12:58:58.302351" level="DEBUG">POST http://localhost:60247/session/6a203712293134700167bcda403a3b23/url {'url': 'https://front.serverest.dev/'}</msg>
<msg time="2026-06-05T12:58:58.968047" level="DEBUG">http://localhost:60247 "POST /session/6a203712293134700167bcda403a3b23/url HTTP/1.1" 200 0</msg>
<msg time="2026-06-05T12:58:58.968185" level="DEBUG">Remote response: status=200 | data={"value":null} | headers=HTTPHeaderDict({'Content-Length': '14', 'Content-Type': 'application/json; charset=utf-8', 'cache-control': 'no-cache'})</msg>
<msg time="2026-06-05T12:58:58.968262" level="DEBUG">Finished Request</msg>
<msg time="2026-06-05T12:58:58.968322" level="TRACE">Return: None</msg>
<arg>${URL}</arg>
<doc>Navigates the current browser window to the provided ``url``.</doc>
<status status="PASS" start="2026-06-05T12:58:58.301996" elapsed="0.666373"/>
</kw>
<msg time="2026-06-05T12:58:58.968453" level="TRACE">Return: None</msg>
<status status="PASS" start="2026-06-05T12:58:58.301660" elapsed="0.666831"/>
</kw>
<kw name="Quando clicar no botão cadastrar" owner="login_page">
<msg time="2026-06-05T12:58:58.968867" level="TRACE">Arguments: [  ]</msg>
<kw name="Wait Until Element Is Visible" owner="SeleniumLibrary">
<msg time="2026-06-05T12:58:58.969262" level="TRACE">Arguments: [ 'css=[data-testid="cadastrar"]' | datetime.timedelta(seconds=10) ]</msg>
<msg time="2026-06-05T12:58:58.969705" level="DEBUG">POST http://localhost:60247/session/6a203712293134700167bcda403a3b23/elements {'using': 'css selector', 'value': '[data-testid="cadastrar"]'}</msg>
<msg time="2026-06-05T12:58:58.982180" level="DEBUG">http://localhost:60247 "POST /session/6a203712293134700167bcda403a3b23/elements HTTP/1.1" 200 0</msg>
<msg time="2026-06-05T12:58:58.982313" level="DEBUG">Remote response: status=200 | data={"value":[{"element-6066-11e4-a52e-4f735466cecf":"f.031653F0B3092065FB4F4B5CCB246980.d.CBC6B3AC28A044B835053941F299712E.e.19"}]} | headers=HTTPHeaderDict({'Content-Length': '128', 'Content-Type': 'application/json; charset=utf-8', 'cache-control': 'no-cache'})</msg>
<msg time="2026-06-05T12:58:58.982405" level="DEBUG">Finished Request</msg>
<msg time="2026-06-05T12:58:58.982583" level="DEBUG">POST http://localhost:60247/session/6a203712293134700167bcda403a3b23/execute/sync {'script': '/* isDisplayed */return ((function () {\n    var tagNameDescriptor = Object.getOwnPropertyDescriptor(...', 'args': [{'element-6066-11e4-a52e-4f735466cecf': 'f.031653F0B3092065FB4F4B5CCB246980.d.CBC6B3AC28A044B835053941F299712E.e.19'}]}</msg>
<msg time="2026-06-05T12:58:58.989369" level="DEBUG">http://localhost:60247 "POST /session/6a203712293134700167bcda403a3b23/execute/sync HTTP/1.1" 200 0</msg>
<msg time="2026-06-05T12:58:58.989504" level="DEBUG">Remote response: status=200 | data={"value":true} | headers=HTTPHeaderDict({'Content-Length': '14', 'Content-Type': 'application/json; charset=utf-8', 'cache-control': 'no-cache'})</msg>
<msg time="2026-06-05T12:58:58.989583" level="DEBUG">Finished Request</msg>
<msg time="2026-06-05T12:58:58.989649" level="TRACE">Return: None</msg>
<arg>${BTN_CADASTRAR}</arg>
<arg>10s</arg>
<doc>Waits until the element ``locator`` is visible.</doc>
<status status="PASS" start="2026-06-05T12:58:58.968987" elapsed="0.020714"/>
</kw>
<kw name="Click Element" owner="SeleniumLibrary">
<msg time="2026-06-05T12:58:58.990094" level="TRACE">Arguments: [ 'css=[data-testid="cadastrar"]' ]</msg>
<msg time="2026-06-05T12:58:58.990172" level="INFO">Clicking element 'css=[data-testid="cadastrar"]'.</msg>
<msg time="2026-06-05T12:58:58.990287" level="DEBUG">POST http://localhost:60247/session/6a203712293134700167bcda403a3b23/elements {'using': 'css selector', 'value': '[data-testid="cadastrar"]'}</msg>
<msg time="2026-06-05T12:58:58.997636" level="DEBUG">http://localhost:60247 "POST /session/6a203712293134700167bcda403a3b23/elements HTTP/1.1" 200 0</msg>
<msg time="2026-06-05T12:58:58.997771" level="DEBUG">Remote response: status=200 | data={"value":[{"element-6066-11e4-a52e-4f735466cecf":"f.031653F0B3092065FB4F4B5CCB246980.d.CBC6B3AC28A044B835053941F299712E.e.19"}]} | headers=HTTPHeaderDict({'Content-Length': '128', 'Content-Type': 'application/json; charset=utf-8', 'cache-control': 'no-cache'})</msg>
<msg time="2026-06-05T12:58:58.997876" level="DEBUG">Finished Request</msg>
<msg time="2026-06-05T12:58:58.997987" level="DEBUG">POST http://localhost:60247/session/6a203712293134700167bcda403a3b23/element/f.031653F0B3092065FB4F4B5CCB246980.d.CBC6B3AC28A044B835053941F299712E.e.19/click {}</msg>
<msg time="2026-06-05T12:58:59.048352" level="DEBUG">http://localhost:60247 "POST /session/6a203712293134700167bcda403a3b23/element/f.031653F0B3092065FB4F4B5CCB246980.d.CBC6B3AC28A044B835053941F299712E.e.19/click HTTP/1.1" 200 0</msg>
<msg time="2026-06-05T12:58:59.048621" level="DEBUG">Remote response: status=200 | data={"value":null} | headers=HTTPHeaderDict({'Content-Length': '14', 'Content-Type': 'application/json; charset=utf-8', 'cache-control': 'no-cache'})</msg>
<msg time="2026-06-05T12:58:59.048725" level="DEBUG">Finished Request</msg>
<msg time="2026-06-05T12:58:59.048791" level="TRACE">Return: None</msg>
<arg>${BTN_CADASTRAR}</arg>
<doc>Click the element identified by ``locator``.</doc>
<status status="PASS" start="2026-06-05T12:58:58.989873" elapsed="0.058969"/>
</kw>
<msg time="2026-06-05T12:58:59.048933" level="TRACE">Return: None</msg>
<status status="PASS" start="2026-06-05T12:58:58.968685" elapsed="0.080290"/>
</kw>
<kw name="E marcar cadastro como administrador" owner="login_page">
<msg time="2026-06-05T12:58:59.049335" level="TRACE">Arguments: [  ]</msg>
<kw name="Click Element" owner="SeleniumLibrary">
<msg time="2026-06-05T12:58:59.049666" level="TRACE">Arguments: [ 'css=[data-testid="checkbox"]' ]</msg>
<msg time="2026-06-05T12:58:59.049747" level="INFO">Clicking element 'css=[data-testid="checkbox"]'.</msg>
<msg time="2026-06-05T12:58:59.049882" level="DEBUG">POST http://localhost:60247/session/6a203712293134700167bcda403a3b23/elements {'using': 'css selector', 'value': '[data-testid="checkbox"]'}</msg>
<msg time="2026-06-05T12:58:59.058820" level="DEBUG">http://localhost:60247 "POST /session/6a203712293134700167bcda403a3b23/elements HTTP/1.1" 200 0</msg>
<msg time="2026-06-05T12:58:59.058961" level="DEBUG">Remote response: status=200 | data={"value":[{"element-6066-11e4-a52e-4f735466cecf":"f.031653F0B3092065FB4F4B5CCB246980.d.CBC6B3AC28A044B835053941F299712E.e.21"}]} | headers=HTTPHeaderDict({'Content-Length': '128', 'Content-Type': 'application/json; charset=utf-8', 'cache-control': 'no-cache'})</msg>
<msg time="2026-06-05T12:58:59.059042" level="DEBUG">Finished Request</msg>
<msg time="2026-06-05T12:58:59.059162" level="DEBUG">POST http://localhost:60247/session/6a203712293134700167bcda403a3b23/element/f.031653F0B3092065FB4F4B5CCB246980.d.CBC6B3AC28A044B835053941F299712E.e.21/click {}</msg>
<msg time="2026-06-05T12:58:59.111066" level="DEBUG">http://localhost:60247 "POST /session/6a203712293134700167bcda403a3b23/element/f.031653F0B3092065FB4F4B5CCB246980.d.CBC6B3AC28A044B835053941F299712E.e.21/click HTTP/1.1" 200 0</msg>
<msg time="2026-06-05T12:58:59.111284" level="DEBUG">Remote response: status=200 | data={"value":null} | headers=HTTPHeaderDict({'Content-Length': '14', 'Content-Type': 'application/json; charset=utf-8', 'cache-control': 'no-cache'})</msg>
<msg time="2026-06-05T12:58:59.111392" level="DEBUG">Finished Request</msg>
<msg time="2026-06-05T12:58:59.111512" level="TRACE">Return: None</msg>
<arg>${CHECK_CADASTRAR}</arg>
<doc>Click the element identified by ``locator``.</doc>
<status status="PASS" start="2026-06-05T12:58:59.049460" elapsed="0.062143"/>
</kw>
<msg time="2026-06-05T12:58:59.111711" level="TRACE">Return: None</msg>
<status status="PASS" start="2026-06-05T12:58:59.049156" elapsed="0.062600"/>
</kw>
<kw name="E preencher o campo nome" owner="login_page">
<msg time="2026-06-05T12:58:59.112355" level="TRACE">Arguments: [ ${nome}='joses' ]</msg>
<kw name="Input Text" owner="SeleniumLibrary">
<msg time="2026-06-05T12:58:59.113341" level="TRACE">Arguments: [ 'css=[data-testid="nome"]' | 'joses' ]</msg>
<msg time="2026-06-05T12:58:59.113449" level="INFO">Typing text 'joses' into text field 'css=[data-testid="nome"]'.</msg>
<msg time="2026-06-05T12:58:59.113605" level="DEBUG">POST http://localhost:60247/session/6a203712293134700167bcda403a3b23/elements {'using': 'css selector', 'value': '[data-testid="nome"]'}</msg>
<msg time="2026-06-05T12:58:59.124013" level="DEBUG">http://localhost:60247 "POST /session/6a203712293134700167bcda403a3b23/elements HTTP/1.1" 200 0</msg>
<msg time="2026-06-05T12:58:59.124159" level="DEBUG">Remote response: status=200 | data={"value":[{"element-6066-11e4-a52e-4f735466cecf":"f.031653F0B3092065FB4F4B5CCB246980.d.CBC6B3AC28A044B835053941F299712E.e.22"}]} | headers=HTTPHeaderDict({'Content-Length': '128', 'Content-Type': 'application/json; charset=utf-8', 'cache-control': 'no-cache'})</msg>
<msg time="2026-06-05T12:58:59.124243" level="DEBUG">Finished Request</msg>
<msg time="2026-06-05T12:58:59.124361" level="DEBUG">POST http://localhost:60247/session/6a203712293134700167bcda403a3b23/element/f.031653F0B3092065FB4F4B5CCB246980.d.CBC6B3AC28A044B835053941F299712E.e.22/clear {}</msg>
<msg time="2026-06-05T12:58:59.164653" level="DEBUG">http://localhost:60247 "POST /session/6a203712293134700167bcda403a3b23/element/f.031653F0B3092065FB4F4B5CCB246980.d.CBC6B3AC28A044B835053941F299712E.e.22/clear HTTP/1.1" 200 0</msg>
<msg time="2026-06-05T12:58:59.164792" level="DEBUG">Remote response: status=200 | data={"value":null} | headers=HTTPHeaderDict({'Content-Length': '14', 'Content-Type': 'application/json; charset=utf-8', 'cache-control': 'no-cache'})</msg>
<msg time="2026-06-05T12:58:59.164874" level="DEBUG">Finished Request</msg>
<msg time="2026-06-05T12:58:59.164998" level="DEBUG">POST http://localhost:60247/session/6a203712293134700167bcda403a3b23/element/f.031653F0B3092065FB4F4B5CCB246980.d.CBC6B3AC28A044B835053941F299712E.e.22/value {'text': 'joses', 'value': ['j', 'o', 's', 'e', 's']}</msg>
<msg time="2026-06-05T12:58:59.257967" level="DEBUG">http://localhost:60247 "POST /session/6a203712293134700167bcda403a3b23/element/f.031653F0B3092065FB4F4B5CCB246980.d.CBC6B3AC28A044B835053941F299712E.e.22/value HTTP/1.1" 200 0</msg>
<msg time="2026-06-05T12:58:59.258107" level="DEBUG">Remote response: status=200 | data={"value":null} | headers=HTTPHeaderDict({'Content-Length': '14', 'Content-Type': 'application/json; charset=utf-8', 'cache-control': 'no-cache'})</msg>
<msg time="2026-06-05T12:58:59.258188" level="DEBUG">Finished Request</msg>
<msg time="2026-06-05T12:58:59.258252" level="TRACE">Return: None</msg>
<arg>${CAMPO_NOME}</arg>
<arg>${nome}</arg>
<doc>Types the given ``text`` into the text field identified by ``locator``.</doc>
<status status="PASS" start="2026-06-05T12:58:59.112915" elapsed="0.145388"/>
</kw>
<kw name="Sleep" owner="BuiltIn">
<msg time="2026-06-05T12:58:59.258752" level="TRACE">Arguments: [ datetime.timedelta(seconds=2) ]</msg>
<msg time="2026-06-05T12:59:01.260009" level="INFO">Slept 2 seconds.</msg>
<msg time="2026-06-05T12:59:01.260255" level="TRACE">Return: None</msg>
<arg>2s</arg>
<doc>Pauses the test executed for the given time.</doc>
<status status="PASS" start="2026-06-05T12:58:59.258467" elapsed="2.001915"/>
</kw>
<msg time="2026-06-05T12:59:01.260953" level="TRACE">Return: None</msg>
<arg>${nome}</arg>
<status status="PASS" start="2026-06-05T12:58:59.112016" elapsed="2.149056"/>
</kw>
<kw name="E preencher o campo email" owner="login_page">
<msg time="2026-06-05T12:59:01.262913" level="TRACE">Arguments: [ ${email}='joses@email.com' ]</msg>
<kw name="Input Text" owner="SeleniumLibrary">
<msg time="2026-06-05T12:59:01.263848" level="TRACE">Arguments: [ 'css=[data-testid="email"]' | 'joses@email.com' ]</msg>
<msg time="2026-06-05T12:59:01.264064" level="INFO">Typing text 'joses@email.com' into text field 'css=[data-testid="email"]'.</msg>
<msg time="2026-06-05T12:59:01.264415" level="DEBUG">POST http://localhost:60247/session/6a203712293134700167bcda403a3b23/elements {'using': 'css selector', 'value': '[data-testid="email"]'}</msg>
<msg time="2026-06-05T12:59:01.294849" level="DEBUG">http://localhost:60247 "POST /session/6a203712293134700167bcda403a3b23/elements HTTP/1.1" 200 0</msg>
<msg time="2026-06-05T12:59:01.295077" level="DEBUG">Remote response: status=200 | data={"value":[{"element-6066-11e4-a52e-4f735466cecf":"f.031653F0B3092065FB4F4B5CCB246980.d.CBC6B3AC28A044B835053941F299712E.e.25"}]} | headers=HTTPHeaderDict({'Content-Length': '128', 'Content-Type': 'application/json; charset=utf-8', 'cache-control': 'no-cache'})</msg>
<msg time="2026-06-05T12:59:01.295193" level="DEBUG">Finished Request</msg>
<msg time="2026-06-05T12:59:01.295348" level="DEBUG">POST http://localhost:60247/session/6a203712293134700167bcda403a3b23/element/f.031653F0B3092065FB4F4B5CCB246980.d.CBC6B3AC28A044B835053941F299712E.e.25/clear {}</msg>
<msg time="2026-06-05T12:59:01.313195" level="DEBUG">http://localhost:60247 "POST /session/6a203712293134700167bcda403a3b23/element/f.031653F0B3092065FB4F4B5CCB246980.d.CBC6B3AC28A044B835053941F299712E.e.25/clear HTTP/1.1" 200 0</msg>
<msg time="2026-06-05T12:59:01.313329" level="DEBUG">Remote response: status=200 | data={"value":null} | headers=HTTPHeaderDict({'Content-Length': '14', 'Content-Type': 'application/json; charset=utf-8', 'cache-control': 'no-cache'})</msg>
<msg time="2026-06-05T12:59:01.313409" level="DEBUG">Finished Request</msg>
<msg time="2026-06-05T12:59:01.313538" level="DEBUG">POST http://localhost:60247/session/6a203712293134700167bcda403a3b23/element/f.031653F0B3092065FB4F4B5CCB246980.d.CBC6B3AC28A044B835053941F299712E.e.25/value {'text': 'joses@email.com', 'value': ['j', 'o', 's', 'e', 's', '@', 'e', 'm', 'a', 'i', 'l', '.', 'c', 'o', 'm']}</msg>
<msg time="2026-06-05T12:59:01.350461" level="DEBUG">http://localhost:60247 "POST /session/6a203712293134700167bcda403a3b23/element/f.031653F0B3092065FB4F4B5CCB246980.d.CBC6B3AC28A044B835053941F299712E.e.25/value HTTP/1.1" 200 0</msg>
<msg time="2026-06-05T12:59:01.350596" level="DEBUG">Remote response: status=200 | data={"value":null} | headers=HTTPHeaderDict({'Content-Length': '14', 'Content-Type': 'application/json; charset=utf-8', 'cache-control': 'no-cache'})</msg>
<msg time="2026-06-05T12:59:01.350669" level="DEBUG">Finished Request</msg>
<msg time="2026-06-05T12:59:01.350728" level="TRACE">Return: None</msg>
<arg>${CAMPO_EMAIL}</arg>
<arg>${email}</arg>
<doc>Types the given ``text`` into the text field identified by ``locator``.</doc>
<status status="PASS" start="2026-06-05T12:59:01.263308" elapsed="0.087469"/>
</kw>
<kw name="Sleep" owner="BuiltIn">
<msg time="2026-06-05T12:59:01.351209" level="TRACE">Arguments: [ datetime.timedelta(seconds=2) ]</msg>
<msg time="2026-06-05T12:59:03.351718" level="INFO">Slept 2 seconds.</msg>
<msg time="2026-06-05T12:59:03.351875" level="TRACE">Return: None</msg>
<arg>2s</arg>
<doc>Pauses the test executed for the given time.</doc>
<status status="PASS" start="2026-06-05T12:59:01.350936" elapsed="2.001020"/>
</kw>
<msg time="2026-06-05T12:59:03.352085" level="TRACE">Return: None</msg>
<arg>${email}</arg>
<status status="PASS" start="2026-06-05T12:59:01.262289" elapsed="2.089848"/>
</kw>
<kw name="E preencher o campo senha" owner="login_page">
<msg time="2026-06-05T12:59:03.352762" level="TRACE">Arguments: [ ${senha}='123456' ]</msg>
<kw name="Input Text" owner="SeleniumLibrary">
<msg time="2026-06-05T12:59:03.353351" level="TRACE">Arguments: [ 'css=[data-testid="password"]' | '123456' ]</msg>
<msg time="2026-06-05T12:59:03.353474" level="INFO">Typing text '123456' into text field 'css=[data-testid="password"]'.</msg>
<msg time="2026-06-05T12:59:03.353835" level="DEBUG">POST http://localhost:60247/session/6a203712293134700167bcda403a3b23/elements {'using': 'css selector', 'value': '[data-testid="password"]'}</msg>
<msg time="2026-06-05T12:59:03.364670" level="DEBUG">http://localhost:60247 "POST /session/6a203712293134700167bcda403a3b23/elements HTTP/1.1" 200 0</msg>
<msg time="2026-06-05T12:59:03.364841" level="DEBUG">Remote response: status=200 | data={"value":[{"element-6066-11e4-a52e-4f735466cecf":"f.031653F0B3092065FB4F4B5CCB246980.d.CBC6B3AC28A044B835053941F299712E.e.26"}]} | headers=HTTPHeaderDict({'Content-Length': '128', 'Content-Type': 'application/json; charset=utf-8', 'cache-control': 'no-cache'})</msg>
<msg time="2026-06-05T12:59:03.364937" level="DEBUG">Finished Request</msg>
<msg time="2026-06-05T12:59:03.365067" level="DEBUG">POST http://localhost:60247/session/6a203712293134700167bcda403a3b23/element/f.031653F0B3092065FB4F4B5CCB246980.d.CBC6B3AC28A044B835053941F299712E.e.26/clear {}</msg>
<msg time="2026-06-05T12:59:03.381352" level="DEBUG">http://localhost:60247 "POST /session/6a203712293134700167bcda403a3b23/element/f.031653F0B3092065FB4F4B5CCB246980.d.CBC6B3AC28A044B835053941F299712E.e.26/clear HTTP/1.1" 200 0</msg>
<msg time="2026-06-05T12:59:03.381500" level="DEBUG">Remote response: status=200 | data={"value":null} | headers=HTTPHeaderDict({'Content-Length': '14', 'Content-Type': 'application/json; charset=utf-8', 'cache-control': 'no-cache'})</msg>
<msg time="2026-06-05T12:59:03.381580" level="DEBUG">Finished Request</msg>
<msg time="2026-06-05T12:59:03.381702" level="DEBUG">POST http://localhost:60247/session/6a203712293134700167bcda403a3b23/element/f.031653F0B3092065FB4F4B5CCB246980.d.CBC6B3AC28A044B835053941F299712E.e.26/value {'text': '123456', 'value': ['1', '2', '3', '4', '5', '6']}</msg>
<msg time="2026-06-05T12:59:03.411915" level="DEBUG">http://localhost:60247 "POST /session/6a203712293134700167bcda403a3b23/element/f.031653F0B3092065FB4F4B5CCB246980.d.CBC6B3AC28A044B835053941F299712E.e.26/value HTTP/1.1" 200 0</msg>
<msg time="2026-06-05T12:59:03.412056" level="DEBUG">Remote response: status=200 | data={"value":null} | headers=HTTPHeaderDict({'Content-Length': '14', 'Content-Type': 'application/json; charset=utf-8', 'cache-control': 'no-cache'})</msg>
<msg time="2026-06-05T12:59:03.412136" level="DEBUG">Finished Request</msg>
<msg time="2026-06-05T12:59:03.412198" level="TRACE">Return: None</msg>
<arg>${CAMPO_SENHA}</arg>
<arg>${senha}</arg>
<doc>Types the given ``text`` into the text field identified by ``locator``.</doc>
<status status="PASS" start="2026-06-05T12:59:03.352991" elapsed="0.059257"/>
</kw>
<kw name="Sleep" owner="BuiltIn">
<msg time="2026-06-05T12:59:03.412755" level="TRACE">Arguments: [ datetime.timedelta(seconds=2) ]</msg>
<msg time="2026-06-05T12:59:05.413335" level="INFO">Slept 2 seconds.</msg>
<msg time="2026-06-05T12:59:05.413485" level="TRACE">Return: None</msg>
<arg>2s</arg>
<doc>Pauses the test executed for the given time.</doc>
<status status="PASS" start="2026-06-05T12:59:03.412422" elapsed="2.001155"/>
</kw>
<msg time="2026-06-05T12:59:05.413726" level="TRACE">Return: None</msg>
<arg>${senha}</arg>
<status status="PASS" start="2026-06-05T12:59:03.352425" elapsed="2.061371"/>
</kw>
<msg time="2026-06-05T12:59:05.413895" level="TRACE">Return: None</msg>
<arg>joses</arg>
<arg>joses@email.com</arg>
<arg>123456</arg>
<tag>cadastro</tag>
<status status="PASS" start="2026-06-05T12:58:58.300940" elapsed="7.113021"/>
</kw>
<kw name="Fechar navegador" owner="base" type="TEARDOWN">
<msg time="2026-06-05T12:59:05.414717" level="TRACE">Arguments: [  ]</msg>
<kw name="Close Browser" owner="SeleniumLibrary">
<msg time="2026-06-05T12:59:05.414888" level="TRACE">Arguments: [  ]</msg>
<msg time="2026-06-05T12:59:05.414953" level="DEBUG">Closing browser with session id 6a203712293134700167bcda403a3b23.</msg>
<msg time="2026-06-05T12:59:05.415077" level="DEBUG">DELETE http://localhost:60247/session/6a203712293134700167bcda403a3b23 {}</msg>
<msg time="2026-06-05T12:59:05.472124" level="DEBUG">http://localhost:60247 "DELETE /session/6a203712293134700167bcda403a3b23 HTTP/1.1" 200 0</msg>
<msg time="2026-06-05T12:59:05.472665" level="DEBUG">Remote response: status=200 | data={"value":null} | headers=HTTPHeaderDict({'Content-Length': '14', 'Content-Type': 'application/json; charset=utf-8', 'cache-control': 'no-cache'})</msg>
<msg time="2026-06-05T12:59:05.472846" level="DEBUG">Finished Request</msg>
<msg time="2026-06-05T12:59:07.592228" level="TRACE">Return: None</msg>
<doc>Closes the current browser.</doc>
<status status="PASS" start="2026-06-05T12:59:05.414836" elapsed="2.177472"/>
</kw>
<msg time="2026-06-05T12:59:07.592395" level="TRACE">Return: None</msg>
<status status="PASS" start="2026-06-05T12:59:05.414520" elapsed="2.177904"/>
</kw>
<tag>cadastro</tag>
<status status="PASS" start="2026-06-05T12:58:54.391038" elapsed="13.201791"/>
</test>
<test id="s1-t3" name="Cadastro Administrador 03" line="14">
<kw name="Abrir navegador" owner="base" type="SETUP">
<msg time="2026-06-05T12:59:07.594245" level="TRACE">Arguments: [  ]</msg>
<kw name="Open Browser" owner="SeleniumLibrary">
<msg time="2026-06-05T12:59:07.594456" level="TRACE">Arguments: [ 'https://front.serverest.dev/' | 'chrome' ]</msg>
<msg time="2026-06-05T12:59:07.594528" level="INFO">Opening browser 'chrome' to base url 'https://front.serverest.dev/'.</msg>
<msg time="2026-06-05T12:59:07.595649" level="DEBUG">Selenium Manager binary found at: C:\Users\dbservices\AppData\Local\Programs\Python\Python314\Lib\site-packages\selenium\webdriver\common\windows\selenium-manager.exe</msg>
<msg time="2026-06-05T12:59:07.595714" level="DEBUG">Executing process: C:\Users\dbservices\AppData\Local\Programs\Python\Python314\Lib\site-packages\selenium\webdriver\common\windows\selenium-manager.exe --browser chrome --language-binding python --output json</msg>
<msg time="2026-06-05T12:59:07.711167" level="DEBUG">Driver path: C:\Users\dbservices\.cache\selenium\chromedriver\win64\148.0.7778.178\chromedriver.exe</msg>
<msg time="2026-06-05T12:59:07.711271" level="DEBUG">Browser path: C:\Program Files\Google\Chrome\Application\chrome.exe</msg>
<msg time="2026-06-05T12:59:07.720069" level="DEBUG">Started executable: `C:\Users\dbservices\.cache\selenium\chromedriver\win64\148.0.7778.178\chromedriver.exe` in a child process with pid: 22328 using 0 to output -3</msg>
<msg time="2026-06-05T12:59:08.240372" level="DEBUG">POST http://localhost:64868/session {'capabilities': {'firstMatch': [{}], 'alwaysMatch': {'browserName': 'chrome', 'pageLoadStrategy': &lt;PageLoadStrategy.normal: 'normal'&gt;, 'browserVersion': None, 'goog:chromeOptions': {'extensions': [], 'binary': 'C:\\Program Files\\Google\\Chrome\\Application\\chrome.exe', 'args': []}}}}</msg>
<msg time="2026-06-05T12:59:08.240983" level="DEBUG">Starting new HTTP connection (1): localhost:64868</msg>
<msg time="2026-06-05T12:59:08.874766" level="DEBUG">http://localhost:64868 "POST /session HTTP/1.1" 200 0</msg>
<msg time="2026-06-05T12:59:08.874879" level="DEBUG">Remote response: status=200 | data={"value":{"capabilities":{"acceptInsecureCerts":false,"browserName":"chrome","browserVersion":"148.0.7778.179","chrome":{"chromedriverVersion":"148.0.7778.178 (d096af1c9e98c45c3596e59620622b1a049bfecb-refs/branch-heads/7778@{#3196})","userDataDir":"C:\\Users\\DBSERV~1\\AppData\\Local\\Temp\\scoped_dir22328_1329858994"},"fedcm:accounts":true,"goog:chromeOptions":{"debuggerAddress":"localhost:64871"},"goog:processID":29684,"networkConnectionEnabled":false,"pageLoadStrategy":"normal","platformName":"windows","proxy":{},"setWindowRect":true,"strictFileInteractability":false,"timeouts":{"implicit":0,"pageLoad":300000,"script":30000},"unhandledPromptBehavior":"dismiss and notify","webauthn:extension:credBlob":true,"webauthn:extension:largeBlob":true,"webauthn:extension:minPinLength":true,"webauthn:extension:prf":true,"webauthn:virtualAuthenticators":true},"sessionId":"5bed836b8448fac9ee8ac67126399c78"}} | headers=HTTPHeaderDict({'Content-Length': '910', 'Content-Type': 'application/json; charset=utf-8', 'cache-control': 'no-cache'})</msg>
<msg time="2026-06-05T12:59:08.874938" level="DEBUG">Finished Request</msg>
<msg time="2026-06-05T12:59:08.875028" level="DEBUG">POST http://localhost:64868/session/5bed836b8448fac9ee8ac67126399c78/timeouts {'script': 5000}</msg>
<msg time="2026-06-05T12:59:08.875740" level="DEBUG">http://localhost:64868 "POST /session/5bed836b8448fac9ee8ac67126399c78/timeouts HTTP/1.1" 200 0</msg>
<msg time="2026-06-05T12:59:08.875824" level="DEBUG">Remote response: status=200 | data={"value":null} | headers=HTTPHeaderDict({'Content-Length': '14', 'Content-Type': 'application/json; charset=utf-8', 'cache-control': 'no-cache'})</msg>
<msg time="2026-06-05T12:59:08.875867" level="DEBUG">Finished Request</msg>
<msg time="2026-06-05T12:59:08.875928" level="DEBUG">POST http://localhost:64868/session/5bed836b8448fac9ee8ac67126399c78/timeouts {'implicit': 0}</msg>
<msg time="2026-06-05T12:59:08.876599" level="DEBUG">http://localhost:64868 "POST /session/5bed836b8448fac9ee8ac67126399c78/timeouts HTTP/1.1" 200 0</msg>
<msg time="2026-06-05T12:59:08.876666" level="DEBUG">Remote response: status=200 | data={"value":null} | headers=HTTPHeaderDict({'Content-Length': '14', 'Content-Type': 'application/json; charset=utf-8', 'cache-control': 'no-cache'})</msg>
<msg time="2026-06-05T12:59:08.876707" level="DEBUG">Finished Request</msg>
<msg time="2026-06-05T12:59:08.876765" level="DEBUG">POST http://localhost:64868/session/5bed836b8448fac9ee8ac67126399c78/timeouts {'pageLoad': 300000}</msg>
<msg time="2026-06-05T12:59:08.877293" level="DEBUG">http://localhost:64868 "POST /session/5bed836b8448fac9ee8ac67126399c78/timeouts HTTP/1.1" 200 0</msg>
<msg time="2026-06-05T12:59:08.877359" level="DEBUG">Remote response: status=200 | data={"value":null} | headers=HTTPHeaderDict({'Content-Length': '14', 'Content-Type': 'application/json; charset=utf-8', 'cache-control': 'no-cache'})</msg>
<msg time="2026-06-05T12:59:08.877398" level="DEBUG">Finished Request</msg>
<msg time="2026-06-05T12:59:08.877454" level="DEBUG">POST http://localhost:64868/session/5bed836b8448fac9ee8ac67126399c78/url {'url': 'https://front.serverest.dev/'}</msg>
<msg time="2026-06-05T12:59:11.045612" level="DEBUG">http://localhost:64868 "POST /session/5bed836b8448fac9ee8ac67126399c78/url HTTP/1.1" 200 0</msg>
<msg time="2026-06-05T12:59:11.045737" level="DEBUG">Remote response: status=200 | data={"value":null} | headers=HTTPHeaderDict({'Content-Length': '14', 'Content-Type': 'application/json; charset=utf-8', 'cache-control': 'no-cache'})</msg>
<msg time="2026-06-05T12:59:11.045791" level="DEBUG">Finished Request</msg>
<msg time="2026-06-05T12:59:11.045823" level="DEBUG">Opened browser with session id 5bed836b8448fac9ee8ac67126399c78.</msg>
<msg time="2026-06-05T12:59:11.045857" level="TRACE">Return: 3</msg>
<arg>${URL}</arg>
<arg>${BROWSER}</arg>
<doc>Opens a new browser instance to the optional ``url``.</doc>
<status status="PASS" start="2026-06-05T12:59:07.594350" elapsed="3.451541"/>
</kw>
<kw name="Maximize Browser Window" owner="SeleniumLibrary">
<msg time="2026-06-05T12:59:11.046079" level="TRACE">Arguments: [  ]</msg>
<msg time="2026-06-05T12:59:11.046170" level="DEBUG">POST http://localhost:64868/session/5bed836b8448fac9ee8ac67126399c78/window/maximize {}</msg>
<msg time="2026-06-05T12:59:11.075791" level="DEBUG">http://localhost:64868 "POST /session/5bed836b8448fac9ee8ac67126399c78/window/maximize HTTP/1.1" 200 0</msg>
<msg time="2026-06-05T12:59:11.076111" level="DEBUG">Remote response: status=200 | data={"value":{"height":736,"width":1382,"x":-8,"y":-8}} | headers=HTTPHeaderDict({'Content-Length': '51', 'Content-Type': 'application/json; charset=utf-8', 'cache-control': 'no-cache'})</msg>
<msg time="2026-06-05T12:59:11.076259" level="DEBUG">Finished Request</msg>
<msg time="2026-06-05T12:59:11.076344" level="TRACE">Return: None</msg>
<doc>Maximizes current browser window.</doc>
<status status="PASS" start="2026-06-05T12:59:11.046024" elapsed="0.030380"/>
</kw>
<msg time="2026-06-05T12:59:11.076521" level="TRACE">Return: None</msg>
<status status="PASS" start="2026-06-05T12:59:07.594103" elapsed="3.482467"/>
</kw>
<kw name="Realizar cadastro como administrador">
<msg time="2026-06-05T12:59:11.077238" level="TRACE">Arguments: [ ${nome}='xjoao' | ${email}='xjoao@email.com' | ${senha}='123456' ]</msg>
<kw name="Dado que o usuário está na página inicial" owner="login_page">
<msg time="2026-06-05T12:59:11.077515" level="TRACE">Arguments: [  ]</msg>
<kw name="Go To" owner="SeleniumLibrary">
<msg time="2026-06-05T12:59:11.077676" level="TRACE">Arguments: [ 'https://front.serverest.dev/' ]</msg>
<msg time="2026-06-05T12:59:11.077750" level="INFO">Opening url 'https://front.serverest.dev/'</msg>
<msg time="2026-06-05T12:59:11.077924" level="DEBUG">POST http://localhost:64868/session/5bed836b8448fac9ee8ac67126399c78/url {'url': 'https://front.serverest.dev/'}</msg>
<msg time="2026-06-05T12:59:11.741831" level="DEBUG">http://localhost:64868 "POST /session/5bed836b8448fac9ee8ac67126399c78/url HTTP/1.1" 200 0</msg>
<msg time="2026-06-05T12:59:11.741943" level="DEBUG">Remote response: status=200 | data={"value":null} | headers=HTTPHeaderDict({'Content-Length': '14', 'Content-Type': 'application/json; charset=utf-8', 'cache-control': 'no-cache'})</msg>
<msg time="2026-06-05T12:59:11.741995" level="DEBUG">Finished Request</msg>
<msg time="2026-06-05T12:59:11.742039" level="TRACE">Return: None</msg>
<arg>${URL}</arg>
<doc>Navigates the current browser window to the provided ``url``.</doc>
<status status="PASS" start="2026-06-05T12:59:11.077604" elapsed="0.664473"/>
</kw>
<msg time="2026-06-05T12:59:11.742145" level="TRACE">Return: None</msg>
<status status="PASS" start="2026-06-05T12:59:11.077419" elapsed="0.664748"/>
</kw>
<kw name="Quando clicar no botão cadastrar" owner="login_page">
<msg time="2026-06-05T12:59:11.742429" level="TRACE">Arguments: [  ]</msg>
<kw name="Wait Until Element Is Visible" owner="SeleniumLibrary">
<msg time="2026-06-05T12:59:11.742714" level="TRACE">Arguments: [ 'css=[data-testid="cadastrar"]' | datetime.timedelta(seconds=10) ]</msg>
<msg time="2026-06-05T12:59:11.742859" level="DEBUG">POST http://localhost:64868/session/5bed836b8448fac9ee8ac67126399c78/elements {'using': 'css selector', 'value': '[data-testid="cadastrar"]'}</msg>
<msg time="2026-06-05T12:59:11.752932" level="DEBUG">http://localhost:64868 "POST /session/5bed836b8448fac9ee8ac67126399c78/elements HTTP/1.1" 200 0</msg>
<msg time="2026-06-05T12:59:11.753038" level="DEBUG">Remote response: status=200 | data={"value":[{"element-6066-11e4-a52e-4f735466cecf":"f.A527FA53610A9B9C286ECD728AEA024B.d.CB44E41BDAC648D173018FF374DBF987.e.19"}]} | headers=HTTPHeaderDict({'Content-Length': '128', 'Content-Type': 'application/json; charset=utf-8', 'cache-control': 'no-cache'})</msg>
<msg time="2026-06-05T12:59:11.753087" level="DEBUG">Finished Request</msg>
<msg time="2026-06-05T12:59:11.753231" level="DEBUG">POST http://localhost:64868/session/5bed836b8448fac9ee8ac67126399c78/execute/sync {'script': '/* isDisplayed */return ((function () {\n    var tagNameDescriptor = Object.getOwnPropertyDescriptor(...', 'args': [{'element-6066-11e4-a52e-4f735466cecf': 'f.A527FA53610A9B9C286ECD728AEA024B.d.CB44E41BDAC648D173018FF374DBF987.e.19'}]}</msg>
<msg time="2026-06-05T12:59:11.759189" level="DEBUG">http://localhost:64868 "POST /session/5bed836b8448fac9ee8ac67126399c78/execute/sync HTTP/1.1" 200 0</msg>
<msg time="2026-06-05T12:59:11.759305" level="DEBUG">Remote response: status=200 | data={"value":true} | headers=HTTPHeaderDict({'Content-Length': '14', 'Content-Type': 'application/json; charset=utf-8', 'cache-control': 'no-cache'})</msg>
<msg time="2026-06-05T12:59:11.759358" level="DEBUG">Finished Request</msg>
<msg time="2026-06-05T12:59:11.759405" level="TRACE">Return: None</msg>
<arg>${BTN_CADASTRAR}</arg>
<arg>10s</arg>
<doc>Waits until the element ``locator`` is visible.</doc>
<status status="PASS" start="2026-06-05T12:59:11.742517" elapsed="0.016923"/>
</kw>
<kw name="Click Element" owner="SeleniumLibrary">
<msg time="2026-06-05T12:59:11.759744" level="TRACE">Arguments: [ 'css=[data-testid="cadastrar"]' ]</msg>
<msg time="2026-06-05T12:59:11.759802" level="INFO">Clicking element 'css=[data-testid="cadastrar"]'.</msg>
<msg time="2026-06-05T12:59:11.759888" level="DEBUG">POST http://localhost:64868/session/5bed836b8448fac9ee8ac67126399c78/elements {'using': 'css selector', 'value': '[data-testid="cadastrar"]'}</msg>
<msg time="2026-06-05T12:59:11.766927" level="DEBUG">http://localhost:64868 "POST /session/5bed836b8448fac9ee8ac67126399c78/elements HTTP/1.1" 200 0</msg>
<msg time="2026-06-05T12:59:11.767114" level="DEBUG">Remote response: status=200 | data={"value":[{"element-6066-11e4-a52e-4f735466cecf":"f.A527FA53610A9B9C286ECD728AEA024B.d.CB44E41BDAC648D173018FF374DBF987.e.19"}]} | headers=HTTPHeaderDict({'Content-Length': '128', 'Content-Type': 'application/json; charset=utf-8', 'cache-control': 'no-cache'})</msg>
<msg time="2026-06-05T12:59:11.767178" level="DEBUG">Finished Request</msg>
<msg time="2026-06-05T12:59:11.767279" level="DEBUG">POST http://localhost:64868/session/5bed836b8448fac9ee8ac67126399c78/element/f.A527FA53610A9B9C286ECD728AEA024B.d.CB44E41BDAC648D173018FF374DBF987.e.19/click {}</msg>
<msg time="2026-06-05T12:59:11.813301" level="DEBUG">http://localhost:64868 "POST /session/5bed836b8448fac9ee8ac67126399c78/element/f.A527FA53610A9B9C286ECD728AEA024B.d.CB44E41BDAC648D173018FF374DBF987.e.19/click HTTP/1.1" 200 0</msg>
<msg time="2026-06-05T12:59:11.813423" level="DEBUG">Remote response: status=200 | data={"value":null} | headers=HTTPHeaderDict({'Content-Length': '14', 'Content-Type': 'application/json; charset=utf-8', 'cache-control': 'no-cache'})</msg>
<msg time="2026-06-05T12:59:11.813551" level="DEBUG">Finished Request</msg>
<msg time="2026-06-05T12:59:11.813614" level="TRACE">Return: None</msg>
<arg>${BTN_CADASTRAR}</arg>
<doc>Click the element identified by ``locator``.</doc>
<status status="PASS" start="2026-06-05T12:59:11.759572" elapsed="0.054084"/>
</kw>
<msg time="2026-06-05T12:59:11.813753" level="TRACE">Return: None</msg>
<status status="PASS" start="2026-06-05T12:59:11.742304" elapsed="0.071488"/>
</kw>
<kw name="E marcar cadastro como administrador" owner="login_page">
<msg time="2026-06-05T12:59:11.814124" level="TRACE">Arguments: [  ]</msg>
<kw name="Click Element" owner="SeleniumLibrary">
<msg time="2026-06-05T12:59:11.814380" level="TRACE">Arguments: [ 'css=[data-testid="checkbox"]' ]</msg>
<msg time="2026-06-05T12:59:11.814437" level="INFO">Clicking element 'css=[data-testid="checkbox"]'.</msg>
<msg time="2026-06-05T12:59:11.814544" level="DEBUG">POST http://localhost:64868/session/5bed836b8448fac9ee8ac67126399c78/elements {'using': 'css selector', 'value': '[data-testid="checkbox"]'}</msg>
<msg time="2026-06-05T12:59:11.823194" level="DEBUG">http://localhost:64868 "POST /session/5bed836b8448fac9ee8ac67126399c78/elements HTTP/1.1" 200 0</msg>
<msg time="2026-06-05T12:59:11.823306" level="DEBUG">Remote response: status=200 | data={"value":[{"element-6066-11e4-a52e-4f735466cecf":"f.A527FA53610A9B9C286ECD728AEA024B.d.CB44E41BDAC648D173018FF374DBF987.e.21"}]} | headers=HTTPHeaderDict({'Content-Length': '128', 'Content-Type': 'application/json; charset=utf-8', 'cache-control': 'no-cache'})</msg>
<msg time="2026-06-05T12:59:11.823359" level="DEBUG">Finished Request</msg>
<msg time="2026-06-05T12:59:11.823438" level="DEBUG">POST http://localhost:64868/session/5bed836b8448fac9ee8ac67126399c78/element/f.A527FA53610A9B9C286ECD728AEA024B.d.CB44E41BDAC648D173018FF374DBF987.e.21/click {}</msg>
<msg time="2026-06-05T12:59:11.865731" level="DEBUG">http://localhost:64868 "POST /session/5bed836b8448fac9ee8ac67126399c78/element/f.A527FA53610A9B9C286ECD728AEA024B.d.CB44E41BDAC648D173018FF374DBF987.e.21/click HTTP/1.1" 200 0</msg>
<msg time="2026-06-05T12:59:11.865875" level="DEBUG">Remote response: status=200 | data={"value":null} | headers=HTTPHeaderDict({'Content-Length': '14', 'Content-Type': 'application/json; charset=utf-8', 'cache-control': 'no-cache'})</msg>
<msg time="2026-06-05T12:59:11.865950" level="DEBUG">Finished Request</msg>
<msg time="2026-06-05T12:59:11.866010" level="TRACE">Return: None</msg>
<arg>${CHECK_CADASTRAR}</arg>
<doc>Click the element identified by ``locator``.</doc>
<status status="PASS" start="2026-06-05T12:59:11.814221" elapsed="0.051838"/>
</kw>
<msg time="2026-06-05T12:59:11.866147" level="TRACE">Return: None</msg>
<status status="PASS" start="2026-06-05T12:59:11.813966" elapsed="0.052218"/>
</kw>
<kw name="E preencher o campo nome" owner="login_page">
<msg time="2026-06-05T12:59:11.866691" level="TRACE">Arguments: [ ${nome}='xjoao' ]</msg>
<kw name="Input Text" owner="SeleniumLibrary">
<msg time="2026-06-05T12:59:11.867344" level="TRACE">Arguments: [ 'css=[data-testid="nome"]' | 'xjoao' ]</msg>
<msg time="2026-06-05T12:59:11.867547" level="INFO">Typing text 'xjoao' into text field 'css=[data-testid="nome"]'.</msg>
<msg time="2026-06-05T12:59:11.867773" level="DEBUG">POST http://localhost:64868/session/5bed836b8448fac9ee8ac67126399c78/elements {'using': 'css selector', 'value': '[data-testid="nome"]'}</msg>
<msg time="2026-06-05T12:59:11.874577" level="DEBUG">http://localhost:64868 "POST /session/5bed836b8448fac9ee8ac67126399c78/elements HTTP/1.1" 200 0</msg>
<msg time="2026-06-05T12:59:11.874676" level="DEBUG">Remote response: status=200 | data={"value":[{"element-6066-11e4-a52e-4f735466cecf":"f.A527FA53610A9B9C286ECD728AEA024B.d.CB44E41BDAC648D173018FF374DBF987.e.22"}]} | headers=HTTPHeaderDict({'Content-Length': '128', 'Content-Type': 'application/json; charset=utf-8', 'cache-control': 'no-cache'})</msg>
<msg time="2026-06-05T12:59:11.874728" level="DEBUG">Finished Request</msg>
<msg time="2026-06-05T12:59:11.874802" level="DEBUG">POST http://localhost:64868/session/5bed836b8448fac9ee8ac67126399c78/element/f.A527FA53610A9B9C286ECD728AEA024B.d.CB44E41BDAC648D173018FF374DBF987.e.22/clear {}</msg>
<msg time="2026-06-05T12:59:11.894346" level="DEBUG">http://localhost:64868 "POST /session/5bed836b8448fac9ee8ac67126399c78/element/f.A527FA53610A9B9C286ECD728AEA024B.d.CB44E41BDAC648D173018FF374DBF987.e.22/clear HTTP/1.1" 200 0</msg>
<msg time="2026-06-05T12:59:11.894455" level="DEBUG">Remote response: status=200 | data={"value":null} | headers=HTTPHeaderDict({'Content-Length': '14', 'Content-Type': 'application/json; charset=utf-8', 'cache-control': 'no-cache'})</msg>
<msg time="2026-06-05T12:59:11.894504" level="DEBUG">Finished Request</msg>
<msg time="2026-06-05T12:59:11.894596" level="DEBUG">POST http://localhost:64868/session/5bed836b8448fac9ee8ac67126399c78/element/f.A527FA53610A9B9C286ECD728AEA024B.d.CB44E41BDAC648D173018FF374DBF987.e.22/value {'text': 'xjoao', 'value': ['x', 'j', 'o', 'a', 'o']}</msg>
<msg time="2026-06-05T12:59:11.996390" level="DEBUG">http://localhost:64868 "POST /session/5bed836b8448fac9ee8ac67126399c78/element/f.A527FA53610A9B9C286ECD728AEA024B.d.CB44E41BDAC648D173018FF374DBF987.e.22/value HTTP/1.1" 200 0</msg>
<msg time="2026-06-05T12:59:11.996513" level="DEBUG">Remote response: status=200 | data={"value":null} | headers=HTTPHeaderDict({'Content-Length': '14', 'Content-Type': 'application/json; charset=utf-8', 'cache-control': 'no-cache'})</msg>
<msg time="2026-06-05T12:59:11.996567" level="DEBUG">Finished Request</msg>
<msg time="2026-06-05T12:59:11.996677" level="TRACE">Return: None</msg>
<arg>${CAMPO_NOME}</arg>
<arg>${nome}</arg>
<doc>Types the given ``text`` into the text field identified by ``locator``.</doc>
<status status="PASS" start="2026-06-05T12:59:11.867013" elapsed="0.129758"/>
</kw>
<kw name="Sleep" owner="BuiltIn">
<msg time="2026-06-05T12:59:11.997380" level="TRACE">Arguments: [ datetime.timedelta(seconds=2) ]</msg>
<msg time="2026-06-05T12:59:13.997886" level="INFO">Slept 2 seconds.</msg>
<msg time="2026-06-05T12:59:13.998021" level="TRACE">Return: None</msg>
<arg>2s</arg>
<doc>Pauses the test executed for the given time.</doc>
<status status="PASS" start="2026-06-05T12:59:11.996972" elapsed="2.001125"/>
</kw>
<msg time="2026-06-05T12:59:13.998221" level="TRACE">Return: None</msg>
<arg>${nome}</arg>
<status status="PASS" start="2026-06-05T12:59:11.866415" elapsed="2.131853"/>
</kw>
<kw name="E preencher o campo email" owner="login_page">
<msg time="2026-06-05T12:59:13.998789" level="TRACE">Arguments: [ ${email}='xjoao@email.com' ]</msg>
<kw name="Input Text" owner="SeleniumLibrary">
<msg time="2026-06-05T12:59:13.999235" level="TRACE">Arguments: [ 'css=[data-testid="email"]' | 'xjoao@email.com' ]</msg>
<msg time="2026-06-05T12:59:13.999326" level="INFO">Typing text 'xjoao@email.com' into text field 'css=[data-testid="email"]'.</msg>
<msg time="2026-06-05T12:59:13.999511" level="DEBUG">POST http://localhost:64868/session/5bed836b8448fac9ee8ac67126399c78/elements {'using': 'css selector', 'value': '[data-testid="email"]'}</msg>
<msg time="2026-06-05T12:59:14.007973" level="DEBUG">http://localhost:64868 "POST /session/5bed836b8448fac9ee8ac67126399c78/elements HTTP/1.1" 200 0</msg>
<msg time="2026-06-05T12:59:14.008089" level="DEBUG">Remote response: status=200 | data={"value":[{"element-6066-11e4-a52e-4f735466cecf":"f.A527FA53610A9B9C286ECD728AEA024B.d.CB44E41BDAC648D173018FF374DBF987.e.25"}]} | headers=HTTPHeaderDict({'Content-Length': '128', 'Content-Type': 'application/json; charset=utf-8', 'cache-control': 'no-cache'})</msg>
<msg time="2026-06-05T12:59:14.008144" level="DEBUG">Finished Request</msg>
<msg time="2026-06-05T12:59:14.008223" level="DEBUG">POST http://localhost:64868/session/5bed836b8448fac9ee8ac67126399c78/element/f.A527FA53610A9B9C286ECD728AEA024B.d.CB44E41BDAC648D173018FF374DBF987.e.25/clear {}</msg>
<msg time="2026-06-05T12:59:14.024700" level="DEBUG">http://localhost:64868 "POST /session/5bed836b8448fac9ee8ac67126399c78/element/f.A527FA53610A9B9C286ECD728AEA024B.d.CB44E41BDAC648D173018FF374DBF987.e.25/clear HTTP/1.1" 200 0</msg>
<msg time="2026-06-05T12:59:14.024815" level="DEBUG">Remote response: status=200 | data={"value":null} | headers=HTTPHeaderDict({'Content-Length': '14', 'Content-Type': 'application/json; charset=utf-8', 'cache-control': 'no-cache'})</msg>
<msg time="2026-06-05T12:59:14.024867" level="DEBUG">Finished Request</msg>
<msg time="2026-06-05T12:59:14.024956" level="DEBUG">POST http://localhost:64868/session/5bed836b8448fac9ee8ac67126399c78/element/f.A527FA53610A9B9C286ECD728AEA024B.d.CB44E41BDAC648D173018FF374DBF987.e.25/value {'text': 'xjoao@email.com', 'value': ['x', 'j', 'o', 'a', 'o', '@', 'e', 'm', 'a', 'i', 'l', '.', 'c', 'o', 'm']}</msg>
<msg time="2026-06-05T12:59:14.065056" level="DEBUG">http://localhost:64868 "POST /session/5bed836b8448fac9ee8ac67126399c78/element/f.A527FA53610A9B9C286ECD728AEA024B.d.CB44E41BDAC648D173018FF374DBF987.e.25/value HTTP/1.1" 200 0</msg>
<msg time="2026-06-05T12:59:14.065175" level="DEBUG">Remote response: status=200 | data={"value":null} | headers=HTTPHeaderDict({'Content-Length': '14', 'Content-Type': 'application/json; charset=utf-8', 'cache-control': 'no-cache'})</msg>
<msg time="2026-06-05T12:59:14.065227" level="DEBUG">Finished Request</msg>
<msg time="2026-06-05T12:59:14.065273" level="TRACE">Return: None</msg>
<arg>${CAMPO_EMAIL}</arg>
<arg>${email}</arg>
<doc>Types the given ``text`` into the text field identified by ``locator``.</doc>
<status status="PASS" start="2026-06-05T12:59:13.998971" elapsed="0.066338"/>
</kw>
<kw name="Sleep" owner="BuiltIn">
<msg time="2026-06-05T12:59:14.065650" level="TRACE">Arguments: [ datetime.timedelta(seconds=2) ]</msg>
<msg time="2026-06-05T12:59:16.066080" level="INFO">Slept 2 seconds.</msg>
<msg time="2026-06-05T12:59:16.066169" level="TRACE">Return: None</msg>
<arg>2s</arg>
<doc>Pauses the test executed for the given time.</doc>
<status status="PASS" start="2026-06-05T12:59:14.065436" elapsed="2.000772"/>
</kw>
<msg time="2026-06-05T12:59:16.066274" level="TRACE">Return: None</msg>
<arg>${email}</arg>
<status status="PASS" start="2026-06-05T12:59:13.998526" elapsed="2.067770"/>
</kw>
<kw name="E preencher o campo senha" owner="login_page">
<msg time="2026-06-05T12:59:16.066603" level="TRACE">Arguments: [ ${senha}='123456' ]</msg>
<kw name="Input Text" owner="SeleniumLibrary">
<msg time="2026-06-05T12:59:16.066856" level="TRACE">Arguments: [ 'css=[data-testid="password"]' | '123456' ]</msg>
<msg time="2026-06-05T12:59:16.066907" level="INFO">Typing text '123456' into text field 'css=[data-testid="password"]'.</msg>
<msg time="2026-06-05T12:59:16.067022" level="DEBUG">POST http://localhost:64868/session/5bed836b8448fac9ee8ac67126399c78/elements {'using': 'css selector', 'value': '[data-testid="password"]'}</msg>
<msg time="2026-06-05T12:59:16.074540" level="DEBUG">http://localhost:64868 "POST /session/5bed836b8448fac9ee8ac67126399c78/elements HTTP/1.1" 200 0</msg>
<msg time="2026-06-05T12:59:16.074650" level="DEBUG">Remote response: status=200 | data={"value":[{"element-6066-11e4-a52e-4f735466cecf":"f.A527FA53610A9B9C286ECD728AEA024B.d.CB44E41BDAC648D173018FF374DBF987.e.26"}]} | headers=HTTPHeaderDict({'Content-Length': '128', 'Content-Type': 'application/json; charset=utf-8', 'cache-control': 'no-cache'})</msg>
<msg time="2026-06-05T12:59:16.074722" level="DEBUG">Finished Request</msg>
<msg time="2026-06-05T12:59:16.074799" level="DEBUG">POST http://localhost:64868/session/5bed836b8448fac9ee8ac67126399c78/element/f.A527FA53610A9B9C286ECD728AEA024B.d.CB44E41BDAC648D173018FF374DBF987.e.26/clear {}</msg>
<msg time="2026-06-05T12:59:16.088596" level="DEBUG">http://localhost:64868 "POST /session/5bed836b8448fac9ee8ac67126399c78/element/f.A527FA53610A9B9C286ECD728AEA024B.d.CB44E41BDAC648D173018FF374DBF987.e.26/clear HTTP/1.1" 200 0</msg>
<msg time="2026-06-05T12:59:16.088700" level="DEBUG">Remote response: status=200 | data={"value":null} | headers=HTTPHeaderDict({'Content-Length': '14', 'Content-Type': 'application/json; charset=utf-8', 'cache-control': 'no-cache'})</msg>
<msg time="2026-06-05T12:59:16.088748" level="DEBUG">Finished Request</msg>
<msg time="2026-06-05T12:59:16.088829" level="DEBUG">POST http://localhost:64868/session/5bed836b8448fac9ee8ac67126399c78/element/f.A527FA53610A9B9C286ECD728AEA024B.d.CB44E41BDAC648D173018FF374DBF987.e.26/value {'text': '123456', 'value': ['1', '2', '3', '4', '5', '6']}</msg>
<msg time="2026-06-05T12:59:16.116798" level="DEBUG">http://localhost:64868 "POST /session/5bed836b8448fac9ee8ac67126399c78/element/f.A527FA53610A9B9C286ECD728AEA024B.d.CB44E41BDAC648D173018FF374DBF987.e.26/value HTTP/1.1" 200 0</msg>
<msg time="2026-06-05T12:59:16.116909" level="DEBUG">Remote response: status=200 | data={"value":null} | headers=HTTPHeaderDict({'Content-Length': '14', 'Content-Type': 'application/json; charset=utf-8', 'cache-control': 'no-cache'})</msg>
<msg time="2026-06-05T12:59:16.116959" level="DEBUG">Finished Request</msg>
<msg time="2026-06-05T12:59:16.117002" level="TRACE">Return: None</msg>
<arg>${CAMPO_SENHA}</arg>
<arg>${senha}</arg>
<doc>Types the given ``text`` into the text field identified by ``locator``.</doc>
<status status="PASS" start="2026-06-05T12:59:16.066707" elapsed="0.050329"/>
</kw>
<kw name="Sleep" owner="BuiltIn">
<msg time="2026-06-05T12:59:16.117376" level="TRACE">Arguments: [ datetime.timedelta(seconds=2) ]</msg>
<msg time="2026-06-05T12:59:18.118277" level="INFO">Slept 2 seconds.</msg>
<msg time="2026-06-05T12:59:18.118598" level="TRACE">Return: None</msg>
<arg>2s</arg>
<doc>Pauses the test executed for the given time.</doc>
<status status="PASS" start="2026-06-05T12:59:16.117165" elapsed="2.001605"/>
</kw>
<msg time="2026-06-05T12:59:18.119029" level="TRACE">Return: None</msg>
<arg>${senha}</arg>
<status status="PASS" start="2026-06-05T12:59:16.066450" elapsed="2.052686"/>
</kw>
<msg time="2026-06-05T12:59:18.119295" level="TRACE">Return: None</msg>
<arg>xjoao</arg>
<arg>xjoao@email.com</arg>
<arg>123456</arg>
<tag>cadastro</tag>
<status status="PASS" start="2026-06-05T12:59:11.077040" elapsed="7.042356"/>
</kw>
<kw name="Fechar navegador" owner="base" type="TEARDOWN">
<msg time="2026-06-05T12:59:18.122137" level="TRACE">Arguments: [  ]</msg>
<kw name="Close Browser" owner="SeleniumLibrary">
<msg time="2026-06-05T12:59:18.122563" level="TRACE">Arguments: [  ]</msg>
<msg time="2026-06-05T12:59:18.123085" level="DEBUG">Closing browser with session id 5bed836b8448fac9ee8ac67126399c78.</msg>
<msg time="2026-06-05T12:59:18.123446" level="DEBUG">DELETE http://localhost:64868/session/5bed836b8448fac9ee8ac67126399c78 {}</msg>
<msg time="2026-06-05T12:59:18.167862" level="DEBUG">http://localhost:64868 "DELETE /session/5bed836b8448fac9ee8ac67126399c78 HTTP/1.1" 200 0</msg>
<msg time="2026-06-05T12:59:18.167976" level="DEBUG">Remote response: status=200 | data={"value":null} | headers=HTTPHeaderDict({'Content-Length': '14', 'Content-Type': 'application/json; charset=utf-8', 'cache-control': 'no-cache'})</msg>
<msg time="2026-06-05T12:59:18.168025" level="DEBUG">Finished Request</msg>
<msg time="2026-06-05T12:59:20.284360" level="TRACE">Return: None</msg>
<doc>Closes the current browser.</doc>
<status status="PASS" start="2026-06-05T12:59:18.122435" elapsed="2.162211"/>
</kw>
<msg time="2026-06-05T12:59:20.284893" level="TRACE">Return: None</msg>
<status status="PASS" start="2026-06-05T12:59:18.121680" elapsed="2.163319"/>
</kw>
<tag>cadastro</tag>
<status status="PASS" start="2026-06-05T12:59:07.593661" elapsed="12.692675"/>
</test>
<status status="PASS" start="2026-06-05T12:58:41.364812" elapsed="38.923613"/>
</suite>
<statistics>
<total>
<stat pass="3" fail="0" skip="0">All Tests</stat>
</total>
<tag>
<stat pass="3" fail="0" skip="0">cadastro</stat>
</tag>
<suite>
<stat name="Cadastro Test" id="s1" pass="3" fail="0" skip="0">Cadastro Test</stat>
</suite>
</statistics>
<errors>
</errors>
</robot>
