<?xml version="1.0" encoding="UTF-8"?>
<robot generator="Robot 7.4.2 (Python 3.14.5 on win32)" generated="2026-06-05T10:30:52.020730" rpa="false" schemaversion="5">
<suite id="s1" name="Telma" source="C:\Users\dbservices\Desktop\Robot_teste\Teste_robot\telma.robot">
<test id="s1-t1" name="Cadastro com dados do banco" line="10">
<kw name="Abrir navegador" owner="base" type="SETUP">
<msg time="2026-06-05T10:30:52.258782" level="TRACE">Arguments: [  ]</msg>
<kw name="Open Browser" owner="SeleniumLibrary">
<msg time="2026-06-05T10:30:52.259452" level="TRACE">Arguments: [ 'https://front.serverest.dev/' | 'chrome' ]</msg>
<msg time="2026-06-05T10:30:52.259567" level="INFO">Opening browser 'chrome' to base url 'https://front.serverest.dev/'.</msg>
<msg time="2026-06-05T10:30:52.397472" level="DEBUG">Selenium Manager binary found at: C:\Users\dbservices\AppData\Local\Programs\Python\Python314\Lib\site-packages\selenium\webdriver\common\windows\selenium-manager.exe</msg>
<msg time="2026-06-05T10:30:52.397658" level="DEBUG">Executing process: C:\Users\dbservices\AppData\Local\Programs\Python\Python314\Lib\site-packages\selenium\webdriver\common\windows\selenium-manager.exe --browser chrome --language-binding python --output json</msg>
<msg time="2026-06-05T10:30:52.506827" level="DEBUG">Driver path: C:\Users\dbservices\.cache\selenium\chromedriver\win64\148.0.7778.178\chromedriver.exe</msg>
<msg time="2026-06-05T10:30:52.506904" level="DEBUG">Browser path: C:\Program Files\Google\Chrome\Application\chrome.exe</msg>
<msg time="2026-06-05T10:30:52.517140" level="DEBUG">Started executable: `C:\Users\dbservices\.cache\selenium\chromedriver\win64\148.0.7778.178\chromedriver.exe` in a child process with pid: 7280 using 0 to output -3</msg>
<msg time="2026-06-05T10:30:53.066088" level="DEBUG">POST http://localhost:62364/session {'capabilities': {'firstMatch': [{}], 'alwaysMatch': {'browserName': 'chrome', 'pageLoadStrategy': &lt;PageLoadStrategy.normal: 'normal'&gt;, 'browserVersion': None, 'goog:chromeOptions': {'extensions': [], 'binary': 'C:\\Program Files\\Google\\Chrome\\Application\\chrome.exe', 'args': []}}}}</msg>
<msg time="2026-06-05T10:30:53.066688" level="DEBUG">Starting new HTTP connection (1): localhost:62364</msg>
<msg time="2026-06-05T10:30:53.702766" level="DEBUG">http://localhost:62364 "POST /session HTTP/1.1" 200 0</msg>
<msg time="2026-06-05T10:30:53.702898" level="DEBUG">Remote response: status=200 | data={"value":{"capabilities":{"acceptInsecureCerts":false,"browserName":"chrome","browserVersion":"148.0.7778.179","chrome":{"chromedriverVersion":"148.0.7778.178 (d096af1c9e98c45c3596e59620622b1a049bfecb-refs/branch-heads/7778@{#3196})","userDataDir":"C:\\Users\\DBSERV~1\\AppData\\Local\\Temp\\scoped_dir7280_797764691"},"fedcm:accounts":true,"goog:chromeOptions":{"debuggerAddress":"localhost:62367"},"goog:processID":19980,"networkConnectionEnabled":false,"pageLoadStrategy":"normal","platformName":"windows","proxy":{},"setWindowRect":true,"strictFileInteractability":false,"timeouts":{"implicit":0,"pageLoad":300000,"script":30000},"unhandledPromptBehavior":"dismiss and notify","webauthn:extension:credBlob":true,"webauthn:extension:largeBlob":true,"webauthn:extension:minPinLength":true,"webauthn:extension:prf":true,"webauthn:virtualAuthenticators":true},"sessionId":"b79688d22a03d8414d1474b48e8a2a87"}} | headers=HTTPHeaderDict({'Content-Length': '908', 'Content-Type': 'application/json; charset=utf-8', 'cache-control': 'no-cache'})</msg>
<msg time="2026-06-05T10:30:53.702966" level="DEBUG">Finished Request</msg>
<msg time="2026-06-05T10:30:53.703092" level="DEBUG">POST http://localhost:62364/session/b79688d22a03d8414d1474b48e8a2a87/timeouts {'script': 5000}</msg>
<msg time="2026-06-05T10:30:53.703874" level="DEBUG">http://localhost:62364 "POST /session/b79688d22a03d8414d1474b48e8a2a87/timeouts HTTP/1.1" 200 0</msg>
<msg time="2026-06-05T10:30:53.703970" level="DEBUG">Remote response: status=200 | data={"value":null} | headers=HTTPHeaderDict({'Content-Length': '14', 'Content-Type': 'application/json; charset=utf-8', 'cache-control': 'no-cache'})</msg>
<msg time="2026-06-05T10:30:53.704016" level="DEBUG">Finished Request</msg>
<msg time="2026-06-05T10:30:53.704087" level="DEBUG">POST http://localhost:62364/session/b79688d22a03d8414d1474b48e8a2a87/timeouts {'implicit': 0}</msg>
<msg time="2026-06-05T10:30:53.704690" level="DEBUG">http://localhost:62364 "POST /session/b79688d22a03d8414d1474b48e8a2a87/timeouts HTTP/1.1" 200 0</msg>
<msg time="2026-06-05T10:30:53.704768" level="DEBUG">Remote response: status=200 | data={"value":null} | headers=HTTPHeaderDict({'Content-Length': '14', 'Content-Type': 'application/json; charset=utf-8', 'cache-control': 'no-cache'})</msg>
<msg time="2026-06-05T10:30:53.704814" level="DEBUG">Finished Request</msg>
<msg time="2026-06-05T10:30:53.704879" level="DEBUG">POST http://localhost:62364/session/b79688d22a03d8414d1474b48e8a2a87/timeouts {'pageLoad': 300000}</msg>
<msg time="2026-06-05T10:30:53.705473" level="DEBUG">http://localhost:62364 "POST /session/b79688d22a03d8414d1474b48e8a2a87/timeouts HTTP/1.1" 200 0</msg>
<msg time="2026-06-05T10:30:53.705553" level="DEBUG">Remote response: status=200 | data={"value":null} | headers=HTTPHeaderDict({'Content-Length': '14', 'Content-Type': 'application/json; charset=utf-8', 'cache-control': 'no-cache'})</msg>
<msg time="2026-06-05T10:30:53.705596" level="DEBUG">Finished Request</msg>
<msg time="2026-06-05T10:30:53.705661" level="DEBUG">POST http://localhost:62364/session/b79688d22a03d8414d1474b48e8a2a87/url {'url': 'https://front.serverest.dev/'}</msg>
<msg time="2026-06-05T10:30:56.331044" level="DEBUG">http://localhost:62364 "POST /session/b79688d22a03d8414d1474b48e8a2a87/url HTTP/1.1" 200 0</msg>
<msg time="2026-06-05T10:30:56.331180" level="DEBUG">Remote response: status=200 | data={"value":null} | headers=HTTPHeaderDict({'Content-Length': '14', 'Content-Type': 'application/json; charset=utf-8', 'cache-control': 'no-cache'})</msg>
<msg time="2026-06-05T10:30:56.331240" level="DEBUG">Finished Request</msg>
<msg time="2026-06-05T10:30:56.331276" level="DEBUG">Opened browser with session id b79688d22a03d8414d1474b48e8a2a87.</msg>
<msg time="2026-06-05T10:30:56.331323" level="TRACE">Return: 1</msg>
<arg>${URL}</arg>
<arg>${BROWSER}</arg>
<doc>Opens a new browser instance to the optional ``url``.</doc>
<status status="PASS" start="2026-06-05T10:30:52.259189" elapsed="4.072183"/>
</kw>
<kw name="Maximize Browser Window" owner="SeleniumLibrary">
<msg time="2026-06-05T10:30:56.331647" level="TRACE">Arguments: [  ]</msg>
<msg time="2026-06-05T10:30:56.331785" level="DEBUG">POST http://localhost:62364/session/b79688d22a03d8414d1474b48e8a2a87/window/maximize {}</msg>
<msg time="2026-06-05T10:30:56.406785" level="DEBUG">http://localhost:62364 "POST /session/b79688d22a03d8414d1474b48e8a2a87/window/maximize HTTP/1.1" 200 0</msg>
<msg time="2026-06-05T10:30:56.406935" level="DEBUG">Remote response: status=200 | data={"value":{"height":736,"width":1382,"x":-8,"y":-8}} | headers=HTTPHeaderDict({'Content-Length': '51', 'Content-Type': 'application/json; charset=utf-8', 'cache-control': 'no-cache'})</msg>
<msg time="2026-06-05T10:30:56.407016" level="DEBUG">Finished Request</msg>
<msg time="2026-06-05T10:30:56.407087" level="TRACE">Return: None</msg>
<doc>Maximizes current browser window.</doc>
<status status="PASS" start="2026-06-05T10:30:56.331576" elapsed="0.075566"/>
</kw>
<msg time="2026-06-05T10:30:56.407266" level="TRACE">Return: None</msg>
<status status="PASS" start="2026-06-05T10:30:52.258652" elapsed="4.148658"/>
</kw>
<kw name="Conectar Banco" owner="telmaBanco">
<msg time="2026-06-05T10:30:56.408049" level="TRACE">Arguments: [  ]</msg>
<kw name="Connect To Database" owner="DatabaseLibrary">
<msg time="2026-06-05T10:30:56.408524" level="TRACE">Arguments: [ 'mysql.connector' | 'robotdb' | 'root' | 'root' | 'localhost' | 3306 ]</msg>
<msg time="2026-06-05T10:30:56.408791" level="INFO">Looking for configuration file: 'resources\db.cfg'</msg>
<msg time="2026-06-05T10:30:56.408926" level="INFO">Configuration file doesn't exist</msg>
<msg time="2026-06-05T10:30:56.409010" level="DEBUG">Configuration file not loaded</msg>
<msg time="2026-06-05T10:30:56.409047" level="DEBUG">Configuration file not loaded</msg>
<msg time="2026-06-05T10:30:56.409075" level="DEBUG">Configuration file not loaded</msg>
<msg time="2026-06-05T10:30:56.409101" level="DEBUG">Configuration file not loaded</msg>
<msg time="2026-06-05T10:30:56.409126" level="DEBUG">Configuration file not loaded</msg>
<msg time="2026-06-05T10:30:56.409152" level="DEBUG">Configuration file not loaded</msg>
<msg time="2026-06-05T10:30:56.409177" level="DEBUG">Configuration file not loaded</msg>
<msg time="2026-06-05T10:30:56.409201" level="DEBUG">Configuration file not loaded</msg>
<msg time="2026-06-05T10:30:56.409228" level="DEBUG">Configuration file not loaded</msg>
<msg time="2026-06-05T10:30:56.409252" level="DEBUG">Configuration file not loaded</msg>
<msg time="2026-06-05T10:30:56.409277" level="DEBUG">Configuration file not loaded</msg>
<msg time="2026-06-05T10:30:56.409302" level="DEBUG">Configuration file not loaded</msg>
<msg time="2026-06-05T10:30:56.409330" level="DEBUG">Configuration file not loaded</msg>
<msg time="2026-06-05T10:30:56.409357" level="DEBUG">Configuration file not loaded</msg>
<msg time="2026-06-05T10:30:56.409383" level="DEBUG">Configuration file not loaded</msg>
<msg time="2026-06-05T10:30:56.409408" level="DEBUG">Configuration file not loaded</msg>
<msg time="2026-06-05T10:30:56.409435" level="DEBUG">Configuration file not loaded</msg>
<msg time="2026-06-05T10:30:56.409460" level="DEBUG">Configuration file not loaded</msg>
<msg time="2026-06-05T10:30:56.409487" level="DEBUG">Configuration file not loaded</msg>
<msg time="2026-06-05T10:30:56.488537" level="INFO">Connect to DB using : mysql.connector.connect(database='robotdb', user=***, password=***, host='localhost', port=3306)</msg>
<msg time="2026-06-05T10:30:56.540795" level="TRACE">Return: None</msg>
<arg>mysql.connector</arg>
<arg>robotdb</arg>
<arg>root</arg>
<arg>root</arg>
<arg>localhost</arg>
<arg>3306</arg>
<doc>Creates a database connection using the DB API 2.0 ``db_module`` and the parameters provided.
Along with listed commonly used arguments (`db_name`, `db_host` etc.)
you can set any other DB module specific parameters as key/value pairs.</doc>
<status status="PASS" start="2026-06-05T10:30:56.408229" elapsed="0.132726"/>
</kw>
<msg time="2026-06-05T10:30:56.541156" level="TRACE">Return: None</msg>
<status status="PASS" start="2026-06-05T10:30:56.407795" elapsed="0.133442"/>
</kw>
<kw name="Buscar Usuario Por Nome" owner="telmaBanco">
<msg time="2026-06-05T10:30:56.542342" level="TRACE">Arguments: [ ${nome}='leo' ]</msg>
<kw name="Query" owner="DatabaseLibrary">
<msg time="2026-06-05T10:30:56.543289" level="TRACE">Arguments: [ "SELECT nome, email, senha FROM usuarios WHERE nome='leo'" ]</msg>
<msg time="2026-06-05T10:30:56.543891" level="INFO" html="true">Executing sql:&lt;br&gt;&lt;code style="font-weight: bold;"&gt;SELECT nome, email, senha FROM usuarios WHERE nome='leo'&lt;/code&gt;</msg>
<msg time="2026-06-05T10:30:56.547465" level="INFO">Commit the transaction</msg>
<msg time="2026-06-05T10:30:56.548417" level="INFO" html="true">&lt;div style="max-width: 100%; overflow-x: auto; max-height: 500px; overflow-y: auto;"&gt;&lt;table style="width: auto; border-collapse: collapse; border: 2px solid rgb(140 140 140)"&gt;&lt;caption style="text-align: left; font-weight: bold; padding: 5px;"&gt;Query returned 0 rows&lt;/caption&gt;&lt;tr&gt;&lt;th scope="col" style="position: sticky; top: 0; color:black; background-color: #d6ecd4; border: 1px solid rgb(160 160 160);padding: 8px 10px;text-align: center;"&gt;Row&lt;/th&gt;&lt;th scope="col" style="position: sticky; top: 0; background-color: #505050; color: #fff;border: 1px solid rgb(160 160 160);padding: 8px 10px;text-align: center;"&gt;nome&lt;/th&gt;&lt;th scope="col" style="position: sticky; top: 0; background-color: #505050; color: #fff;border: 1px solid rgb(160 160 160);padding: 8px 10px;text-align: center;"&gt;email&lt;/th&gt;&lt;th scope="col" style="position: sticky; top: 0; background-color: #505050; color: #fff;border: 1px solid rgb(160 160 160);padding: 8px 10px;text-align: center;"&gt;senha&lt;/th&gt;&lt;/tr&gt;&lt;/table&gt;&lt;/div&gt;</msg>
<msg time="2026-06-05T10:30:56.548693" level="TRACE">Return: []</msg>
<msg time="2026-06-05T10:30:56.549016" level="INFO">${resultado} = []</msg>
<var>${resultado}</var>
<arg>SELECT nome, email, senha FROM usuarios WHERE nome='${nome}'</arg>
<doc>Runs a query with the ``select_statement`` and returns the result as list of rows.
The type of row values depends on the database module -
usually they are tuples or tuple-like objects.</doc>
<status status="PASS" start="2026-06-05T10:30:56.542814" elapsed="0.006295"/>
</kw>
<return>
<value>${resultado}</value>
<status status="PASS" start="2026-06-05T10:30:56.549356" elapsed="0.000187"/>
</return>
<msg time="2026-06-05T10:30:56.549817" level="TRACE">Return: []</msg>
<msg time="2026-06-05T10:30:56.550092" level="INFO">${usuario} = []</msg>
<var>${usuario}</var>
<arg>leo</arg>
<status status="PASS" start="2026-06-05T10:30:56.541920" elapsed="0.008263"/>
</kw>
<kw name="Set Variable" owner="BuiltIn">
<msg time="2026-06-05T10:30:56.551152" level="FAIL">List '${usuario}' has no item in index 0.</msg>
<var>${nome}</var>
<arg>${usuario}[0][0]</arg>
<doc>Returns the given values which can then be assigned to a variables.</doc>
<status status="FAIL" start="2026-06-05T10:30:56.550704" elapsed="0.000586">List '${usuario}' has no item in index 0.</status>
</kw>
<kw name="Set Variable" owner="BuiltIn">
<var>${email}</var>
<arg>${usuario}[0][1]</arg>
<doc>Returns the given values which can then be assigned to a variables.</doc>
<status status="NOT RUN" start="2026-06-05T10:30:56.551805" elapsed="0.000050"/>
</kw>
<kw name="Set Variable" owner="BuiltIn">
<var>${senha}</var>
<arg>${usuario}[0][2]</arg>
<doc>Returns the given values which can then be assigned to a variables.</doc>
<status status="NOT RUN" start="2026-06-05T10:30:56.552581" elapsed="0.000317"/>
</kw>
<kw name="Dado que o usuário está na página inicial" owner="login_page">
<status status="NOT RUN" start="2026-06-05T10:30:56.553968" elapsed="0.000090"/>
</kw>
<kw name="Quando clicar no botão cadastrar" owner="login_page">
<status status="NOT RUN" start="2026-06-05T10:30:56.554497" elapsed="0.000042"/>
</kw>
<kw name="E marcar cadastro como administrador" owner="login_page">
<status status="NOT RUN" start="2026-06-05T10:30:56.554928" elapsed="0.000055"/>
</kw>
<kw name="E preencher o campo nome" owner="login_page">
<arg>${nome}</arg>
<status status="NOT RUN" start="2026-06-05T10:30:56.556035" elapsed="0.000117"/>
</kw>
<kw name="E preencher o campo email" owner="login_page">
<arg>${email}</arg>
<status status="NOT RUN" start="2026-06-05T10:30:56.556868" elapsed="0.000084"/>
</kw>
<kw name="E preencher o campo senha" owner="login_page">
<arg>${senha}</arg>
<status status="NOT RUN" start="2026-06-05T10:30:56.558412" elapsed="0.000275"/>
</kw>
<kw name="Fechar Banco" owner="telmaBanco">
<status status="NOT RUN" start="2026-06-05T10:30:56.559814" elapsed="0.000375"/>
</kw>
<kw name="Fechar navegador" owner="base" type="TEARDOWN">
<msg time="2026-06-05T10:30:56.562707" level="TRACE">Arguments: [  ]</msg>
<kw name="Close Browser" owner="SeleniumLibrary">
<msg time="2026-06-05T10:30:56.563960" level="TRACE">Arguments: [  ]</msg>
<msg time="2026-06-05T10:30:56.564270" level="DEBUG">Closing browser with session id b79688d22a03d8414d1474b48e8a2a87.</msg>
<msg time="2026-06-05T10:30:56.564754" level="DEBUG">DELETE http://localhost:62364/session/b79688d22a03d8414d1474b48e8a2a87 {}</msg>
<msg time="2026-06-05T10:30:56.632066" level="DEBUG">http://localhost:62364 "DELETE /session/b79688d22a03d8414d1474b48e8a2a87 HTTP/1.1" 200 0</msg>
<msg time="2026-06-05T10:30:56.632283" level="DEBUG">Remote response: status=200 | data={"value":null} | headers=HTTPHeaderDict({'Content-Length': '14', 'Content-Type': 'application/json; charset=utf-8', 'cache-control': 'no-cache'})</msg>
<msg time="2026-06-05T10:30:56.632431" level="DEBUG">Finished Request</msg>
<msg time="2026-06-05T10:30:58.754468" level="TRACE">Return: None</msg>
<doc>Closes the current browser.</doc>
<status status="PASS" start="2026-06-05T10:30:56.563639" elapsed="2.191104"/>
</kw>
<msg time="2026-06-05T10:30:58.755023" level="TRACE">Return: None</msg>
<status status="PASS" start="2026-06-05T10:30:56.561884" elapsed="2.193239"/>
</kw>
<status status="FAIL" start="2026-06-05T10:30:52.257942" elapsed="6.498043">List '${usuario}' has no item in index 0.</status>
</test>
<status status="FAIL" start="2026-06-05T10:30:52.022285" elapsed="6.735781"/>
</suite>
<statistics>
<total>
<stat pass="0" fail="1" skip="0">All Tests</stat>
</total>
<tag>
</tag>
<suite>
<stat name="Telma" id="s1" pass="0" fail="1" skip="0">Telma</stat>
</suite>
</statistics>
<errors>
</errors>
</robot>
