<?xml version="1.0" encoding="UTF-8"?>
<robot generator="Robot 7.4.2 (Python 3.14.5 on win32)" generated="2026-06-05T13:17:59.422178" rpa="false" schemaversion="5">
<suite id="s1" name="Consulta Banco Test" source="C:\Users\dbservices\Desktop\Robot_teste\tests\consulta_banco_test.robot">
<test id="s1-t1" name="Cadastro com dados do banco sucesso" line="10">
<kw name="Abrir navegador" owner="base" type="SETUP">
<msg time="2026-06-05T13:17:59.672144" level="TRACE">Arguments: [  ]</msg>
<kw name="Open Browser" owner="SeleniumLibrary">
<msg time="2026-06-05T13:17:59.673007" level="TRACE">Arguments: [ 'https://front.serverest.dev/' | 'chrome' ]</msg>
<msg time="2026-06-05T13:17:59.673165" level="INFO">Opening browser 'chrome' to base url 'https://front.serverest.dev/'.</msg>
<msg time="2026-06-05T13:17:59.792064" level="DEBUG">Selenium Manager binary found at: C:\Users\dbservices\AppData\Local\Programs\Python\Python314\Lib\site-packages\selenium\webdriver\common\windows\selenium-manager.exe</msg>
<msg time="2026-06-05T13:17:59.792206" level="DEBUG">Executing process: C:\Users\dbservices\AppData\Local\Programs\Python\Python314\Lib\site-packages\selenium\webdriver\common\windows\selenium-manager.exe --browser chrome --language-binding python --output json</msg>
<msg time="2026-06-05T13:17:59.909078" level="DEBUG">Driver path: C:\Users\dbservices\.cache\selenium\chromedriver\win64\148.0.7778.178\chromedriver.exe</msg>
<msg time="2026-06-05T13:17:59.909158" level="DEBUG">Browser path: C:\Program Files\Google\Chrome\Application\chrome.exe</msg>
<msg time="2026-06-05T13:17:59.918162" level="DEBUG">Started executable: `C:\Users\dbservices\.cache\selenium\chromedriver\win64\148.0.7778.178\chromedriver.exe` in a child process with pid: 23728 using 0 to output -3</msg>
<msg time="2026-06-05T13:18:00.458150" level="DEBUG">POST http://localhost:53721/session {'capabilities': {'firstMatch': [{}], 'alwaysMatch': {'browserName': 'chrome', 'pageLoadStrategy': &lt;PageLoadStrategy.normal: 'normal'&gt;, 'browserVersion': None, 'goog:chromeOptions': {'extensions': [], 'binary': 'C:\\Program Files\\Google\\Chrome\\Application\\chrome.exe', 'args': []}}}}</msg>
<msg time="2026-06-05T13:18:00.458426" level="DEBUG">Starting new HTTP connection (1): localhost:53721</msg>
<msg time="2026-06-05T13:18:01.037589" level="DEBUG">http://localhost:53721 "POST /session HTTP/1.1" 200 0</msg>
<msg time="2026-06-05T13:18:01.037718" level="DEBUG">Remote response: status=200 | data={"value":{"capabilities":{"acceptInsecureCerts":false,"browserName":"chrome","browserVersion":"148.0.7778.179","chrome":{"chromedriverVersion":"148.0.7778.178 (d096af1c9e98c45c3596e59620622b1a049bfecb-refs/branch-heads/7778@{#3196})","userDataDir":"C:\\Users\\DBSERV~1\\AppData\\Local\\Temp\\scoped_dir23728_1924050260"},"fedcm:accounts":true,"goog:chromeOptions":{"debuggerAddress":"localhost:53724"},"goog:processID":26812,"networkConnectionEnabled":false,"pageLoadStrategy":"normal","platformName":"windows","proxy":{},"setWindowRect":true,"strictFileInteractability":false,"timeouts":{"implicit":0,"pageLoad":300000,"script":30000},"unhandledPromptBehavior":"dismiss and notify","webauthn:extension:credBlob":true,"webauthn:extension:largeBlob":true,"webauthn:extension:minPinLength":true,"webauthn:extension:prf":true,"webauthn:virtualAuthenticators":true},"sessionId":"631502c42002a670c2fd71ab2a17a1e1"}} | headers=HTTPHeaderDict({'Content-Length': '910', 'Content-Type': 'application/json; charset=utf-8', 'cache-control': 'no-cache'})</msg>
<msg time="2026-06-05T13:18:01.037787" level="DEBUG">Finished Request</msg>
<msg time="2026-06-05T13:18:01.037917" level="DEBUG">POST http://localhost:53721/session/631502c42002a670c2fd71ab2a17a1e1/timeouts {'script': 5000}</msg>
<msg time="2026-06-05T13:18:01.038667" level="DEBUG">http://localhost:53721 "POST /session/631502c42002a670c2fd71ab2a17a1e1/timeouts HTTP/1.1" 200 0</msg>
<msg time="2026-06-05T13:18:01.038766" level="DEBUG">Remote response: status=200 | data={"value":null} | headers=HTTPHeaderDict({'Content-Length': '14', 'Content-Type': 'application/json; charset=utf-8', 'cache-control': 'no-cache'})</msg>
<msg time="2026-06-05T13:18:01.038816" level="DEBUG">Finished Request</msg>
<msg time="2026-06-05T13:18:01.038890" level="DEBUG">POST http://localhost:53721/session/631502c42002a670c2fd71ab2a17a1e1/timeouts {'implicit': 0}</msg>
<msg time="2026-06-05T13:18:01.039611" level="DEBUG">http://localhost:53721 "POST /session/631502c42002a670c2fd71ab2a17a1e1/timeouts HTTP/1.1" 200 0</msg>
<msg time="2026-06-05T13:18:01.039691" level="DEBUG">Remote response: status=200 | data={"value":null} | headers=HTTPHeaderDict({'Content-Length': '14', 'Content-Type': 'application/json; charset=utf-8', 'cache-control': 'no-cache'})</msg>
<msg time="2026-06-05T13:18:01.039736" level="DEBUG">Finished Request</msg>
<msg time="2026-06-05T13:18:01.039799" level="DEBUG">POST http://localhost:53721/session/631502c42002a670c2fd71ab2a17a1e1/timeouts {'pageLoad': 300000}</msg>
<msg time="2026-06-05T13:18:01.040402" level="DEBUG">http://localhost:53721 "POST /session/631502c42002a670c2fd71ab2a17a1e1/timeouts HTTP/1.1" 200 0</msg>
<msg time="2026-06-05T13:18:01.040477" level="DEBUG">Remote response: status=200 | data={"value":null} | headers=HTTPHeaderDict({'Content-Length': '14', 'Content-Type': 'application/json; charset=utf-8', 'cache-control': 'no-cache'})</msg>
<msg time="2026-06-05T13:18:01.040520" level="DEBUG">Finished Request</msg>
<msg time="2026-06-05T13:18:01.040587" level="DEBUG">POST http://localhost:53721/session/631502c42002a670c2fd71ab2a17a1e1/url {'url': 'https://front.serverest.dev/'}</msg>
<msg time="2026-06-05T13:18:03.078258" level="DEBUG">http://localhost:53721 "POST /session/631502c42002a670c2fd71ab2a17a1e1/url HTTP/1.1" 200 0</msg>
<msg time="2026-06-05T13:18:03.078437" level="DEBUG">Remote response: status=200 | data={"value":null} | headers=HTTPHeaderDict({'Content-Length': '14', 'Content-Type': 'application/json; charset=utf-8', 'cache-control': 'no-cache'})</msg>
<msg time="2026-06-05T13:18:03.078520" level="DEBUG">Finished Request</msg>
<msg time="2026-06-05T13:18:03.078567" level="DEBUG">Opened browser with session id 631502c42002a670c2fd71ab2a17a1e1.</msg>
<msg time="2026-06-05T13:18:03.078721" level="TRACE">Return: 1</msg>
<arg>${URL}</arg>
<arg>${BROWSER}</arg>
<doc>Opens a new browser instance to the optional ``url``.</doc>
<status status="PASS" start="2026-06-05T13:17:59.672756" elapsed="3.406078"/>
</kw>
<kw name="Maximize Browser Window" owner="SeleniumLibrary">
<msg time="2026-06-05T13:18:03.079114" level="TRACE">Arguments: [  ]</msg>
<msg time="2026-06-05T13:18:03.079253" level="DEBUG">POST http://localhost:53721/session/631502c42002a670c2fd71ab2a17a1e1/window/maximize {}</msg>
<msg time="2026-06-05T13:18:03.150149" level="DEBUG">http://localhost:53721 "POST /session/631502c42002a670c2fd71ab2a17a1e1/window/maximize HTTP/1.1" 200 0</msg>
<msg time="2026-06-05T13:18:03.150300" level="DEBUG">Remote response: status=200 | data={"value":{"height":736,"width":1382,"x":-8,"y":-8}} | headers=HTTPHeaderDict({'Content-Length': '51', 'Content-Type': 'application/json; charset=utf-8', 'cache-control': 'no-cache'})</msg>
<msg time="2026-06-05T13:18:03.150383" level="DEBUG">Finished Request</msg>
<msg time="2026-06-05T13:18:03.150455" level="TRACE">Return: None</msg>
<doc>Maximizes current browser window.</doc>
<status status="PASS" start="2026-06-05T13:18:03.079041" elapsed="0.071468"/>
</kw>
<msg time="2026-06-05T13:18:03.150620" level="TRACE">Return: None</msg>
<status status="PASS" start="2026-06-05T13:17:59.671843" elapsed="3.478816"/>
</kw>
<kw name="Conectar Banco" owner="banco">
<msg time="2026-06-05T13:18:03.151690" level="TRACE">Arguments: [  ]</msg>
<kw name="Connect To Database" owner="DatabaseLibrary">
<msg time="2026-06-05T13:18:03.152380" level="TRACE">Arguments: [ 'mysql.connector' | 'robotdb' | 'root' | 'root' | 'localhost' | 3306 ]</msg>
<msg time="2026-06-05T13:18:03.152576" level="INFO">Looking for configuration file: 'resources\db.cfg'</msg>
<msg time="2026-06-05T13:18:03.152725" level="INFO">Configuration file doesn't exist</msg>
<msg time="2026-06-05T13:18:03.152809" level="DEBUG">Configuration file not loaded</msg>
<msg time="2026-06-05T13:18:03.152857" level="DEBUG">Configuration file not loaded</msg>
<msg time="2026-06-05T13:18:03.152903" level="DEBUG">Configuration file not loaded</msg>
<msg time="2026-06-05T13:18:03.152945" level="DEBUG">Configuration file not loaded</msg>
<msg time="2026-06-05T13:18:03.152987" level="DEBUG">Configuration file not loaded</msg>
<msg time="2026-06-05T13:18:03.153028" level="DEBUG">Configuration file not loaded</msg>
<msg time="2026-06-05T13:18:03.153069" level="DEBUG">Configuration file not loaded</msg>
<msg time="2026-06-05T13:18:03.153110" level="DEBUG">Configuration file not loaded</msg>
<msg time="2026-06-05T13:18:03.153151" level="DEBUG">Configuration file not loaded</msg>
<msg time="2026-06-05T13:18:03.153191" level="DEBUG">Configuration file not loaded</msg>
<msg time="2026-06-05T13:18:03.153231" level="DEBUG">Configuration file not loaded</msg>
<msg time="2026-06-05T13:18:03.153271" level="DEBUG">Configuration file not loaded</msg>
<msg time="2026-06-05T13:18:03.153314" level="DEBUG">Configuration file not loaded</msg>
<msg time="2026-06-05T13:18:03.153379" level="DEBUG">Configuration file not loaded</msg>
<msg time="2026-06-05T13:18:03.153422" level="DEBUG">Configuration file not loaded</msg>
<msg time="2026-06-05T13:18:03.153462" level="DEBUG">Configuration file not loaded</msg>
<msg time="2026-06-05T13:18:03.153504" level="DEBUG">Configuration file not loaded</msg>
<msg time="2026-06-05T13:18:03.153543" level="DEBUG">Configuration file not loaded</msg>
<msg time="2026-06-05T13:18:03.153585" level="DEBUG">Configuration file not loaded</msg>
<msg time="2026-06-05T13:18:03.237169" level="INFO">Connect to DB using : mysql.connector.connect(database='robotdb', user=***, password=***, host='localhost', port=3306)</msg>
<msg time="2026-06-05T13:18:03.282030" level="TRACE">Return: None</msg>
<arg>mysql.connector</arg>
<arg>robotdb</arg>
<arg>root</arg>
<arg>root</arg>
<arg>localhost</arg>
<arg>3306</arg>
<doc>Creates a database connection using the DB API 2.0 ``db_module`` and the parameters provided.
Along with listed commonly used arguments (`db_name`, `db_host` etc.)
you can set any other DB module specific parameters as key/value pairs.</doc>
<status status="PASS" start="2026-06-05T13:18:03.152060" elapsed="0.130086"/>
</kw>
<msg time="2026-06-05T13:18:03.282293" level="TRACE">Return: None</msg>
<status status="PASS" start="2026-06-05T13:18:03.151081" elapsed="0.131326"/>
</kw>
<kw name="Buscar Usuario Por Nome" owner="banco">
<msg time="2026-06-05T13:18:03.283204" level="TRACE">Arguments: [ ${nome}='telma' ]</msg>
<kw name="Query" owner="DatabaseLibrary">
<msg time="2026-06-05T13:18:03.283574" level="TRACE">Arguments: [ "SELECT nome, email, senha FROM usuarios WHERE nome='telma'" ]</msg>
<msg time="2026-06-05T13:18:03.284056" level="INFO" html="true">Executing sql:&lt;br&gt;&lt;code style="font-weight: bold;"&gt;SELECT nome, email, senha FROM usuarios WHERE nome='telma'&lt;/code&gt;</msg>
<msg time="2026-06-05T13:18:03.284961" level="INFO">Commit the transaction</msg>
<msg time="2026-06-05T13:18:03.285380" level="INFO" html="true">&lt;div style="max-width: 100%; overflow-x: auto; max-height: 500px; overflow-y: auto;"&gt;&lt;table style="width: auto; border-collapse: collapse; border: 2px solid rgb(140 140 140)"&gt;&lt;caption style="text-align: left; font-weight: bold; padding: 5px;"&gt;Query returned 1 rows&lt;/caption&gt;&lt;tr&gt;&lt;th scope="col" style="position: sticky; top: 0; color:black; background-color: #d6ecd4; border: 1px solid rgb(160 160 160);padding: 8px 10px;text-align: center;"&gt;Row&lt;/th&gt;&lt;th scope="col" style="position: sticky; top: 0; background-color: #505050; color: #fff;border: 1px solid rgb(160 160 160);padding: 8px 10px;text-align: center;"&gt;nome&lt;/th&gt;&lt;th scope="col" style="position: sticky; top: 0; background-color: #505050; color: #fff;border: 1px solid rgb(160 160 160);padding: 8px 10px;text-align: center;"&gt;email&lt;/th&gt;&lt;th scope="col" style="position: sticky; top: 0; background-color: #505050; color: #fff;border: 1px solid rgb(160 160 160);padding: 8px 10px;text-align: center;"&gt;senha&lt;/th&gt;&lt;/tr&gt;&lt;tr style="background-color: var(--secondary-color, #eee)"&gt;&lt;th scope="row" style="color:black; background-color: #d6ecd4;border: 1px solid rgb(160 160 160);padding: 8px 10px;text-align: center;"&gt;0&lt;/th&gt;&lt;td style="border: 1px solid rgb(160 160 160);padding: 8px 10px;text-align: center;"&gt;Telma&lt;/td&gt;&lt;td style="border: 1px solid rgb(160 160 160);padding: 8px 10px;text-align: center;"&gt;telma@email.com&lt;/td&gt;&lt;td style="border: 1px solid rgb(160 160 160);padding: 8px 10px;text-align: center;"&gt;123456&lt;/td&gt;&lt;/tr&gt;&lt;/table&gt;&lt;/div&gt;</msg>
<msg time="2026-06-05T13:18:03.285485" level="TRACE">Return: [('Telma', 'telma@email.com', '123456')]</msg>
<msg time="2026-06-05T13:18:03.285655" level="INFO">${resultado} = [('Telma', 'telma@email.com', '123456')]</msg>
<var>${resultado}</var>
<arg>SELECT nome, email, senha FROM usuarios WHERE nome='${nome}'</arg>
<doc>Runs a query with the ``select_statement`` and returns the result as list of rows.
The type of row values depends on the database module -
usually they are tuples or tuple-like objects.</doc>
<status status="PASS" start="2026-06-05T13:18:03.283406" elapsed="0.002282"/>
</kw>
<return>
<value>${resultado}</value>
<status status="PASS" start="2026-06-05T13:18:03.285822" elapsed="0.000080"/>
</return>
<msg time="2026-06-05T13:18:03.286102" level="TRACE">Return: [('Telma', 'telma@email.com', '123456')]</msg>
<msg time="2026-06-05T13:18:03.286303" level="INFO">${usuario} = [('Telma', 'telma@email.com', '123456')]</msg>
<var>${usuario}</var>
<arg>telma</arg>
<status status="PASS" start="2026-06-05T13:18:03.282972" elapsed="0.003395"/>
</kw>
<kw name="Set Variable" owner="BuiltIn">
<msg time="2026-06-05T13:18:03.287386" level="TRACE">Arguments: [ 'Telma' ]</msg>
<msg time="2026-06-05T13:18:03.287565" level="TRACE">Return: 'Telma'</msg>
<msg time="2026-06-05T13:18:03.287704" level="INFO">${nome} = Telma</msg>
<var>${nome}</var>
<arg>${usuario}[0][0]</arg>
<doc>Returns the given values which can then be assigned to a variables.</doc>
<status status="PASS" start="2026-06-05T13:18:03.286908" elapsed="0.000856"/>
</kw>
<kw name="Set Variable" owner="BuiltIn">
<msg time="2026-06-05T13:18:03.288540" level="TRACE">Arguments: [ 'telma@email.com' ]</msg>
<msg time="2026-06-05T13:18:03.288609" level="TRACE">Return: 'telma@email.com'</msg>
<msg time="2026-06-05T13:18:03.288676" level="INFO">${email} = telma@email.com</msg>
<var>${email}</var>
<arg>${usuario}[0][1]</arg>
<doc>Returns the given values which can then be assigned to a variables.</doc>
<status status="PASS" start="2026-06-05T13:18:03.288269" elapsed="0.000435"/>
</kw>
<kw name="Set Variable" owner="BuiltIn">
<msg time="2026-06-05T13:18:03.290045" level="TRACE">Arguments: [ '123456' ]</msg>
<msg time="2026-06-05T13:18:03.290233" level="TRACE">Return: '123456'</msg>
<msg time="2026-06-05T13:18:03.290409" level="INFO">${senha} = 123456</msg>
<var>${senha}</var>
<arg>${usuario}[0][2]</arg>
<doc>Returns the given values which can then be assigned to a variables.</doc>
<status status="PASS" start="2026-06-05T13:18:03.289420" elapsed="0.001064"/>
</kw>
<kw name="Dado que o usuário está na página inicial" owner="login_page">
<msg time="2026-06-05T13:18:03.291278" level="TRACE">Arguments: [  ]</msg>
<kw name="Go To" owner="SeleniumLibrary">
<msg time="2026-06-05T13:18:03.291736" level="TRACE">Arguments: [ 'https://front.serverest.dev/' ]</msg>
<msg time="2026-06-05T13:18:03.291906" level="INFO">Opening url 'https://front.serverest.dev/'</msg>
<msg time="2026-06-05T13:18:03.292194" level="DEBUG">POST http://localhost:53721/session/631502c42002a670c2fd71ab2a17a1e1/url {'url': 'https://front.serverest.dev/'}</msg>
<msg time="2026-06-05T13:18:04.001320" level="DEBUG">http://localhost:53721 "POST /session/631502c42002a670c2fd71ab2a17a1e1/url HTTP/1.1" 200 0</msg>
<msg time="2026-06-05T13:18:04.001640" level="DEBUG">Remote response: status=200 | data={"value":null} | headers=HTTPHeaderDict({'Content-Length': '14', 'Content-Type': 'application/json; charset=utf-8', 'cache-control': 'no-cache'})</msg>
<msg time="2026-06-05T13:18:04.001758" level="DEBUG">Finished Request</msg>
<msg time="2026-06-05T13:18:04.001855" level="TRACE">Return: None</msg>
<arg>${URL}</arg>
<doc>Navigates the current browser window to the provided ``url``.</doc>
<status status="PASS" start="2026-06-05T13:18:03.291529" elapsed="0.710399"/>
</kw>
<msg time="2026-06-05T13:18:04.002056" level="TRACE">Return: None</msg>
<status status="PASS" start="2026-06-05T13:18:03.290992" elapsed="0.711125"/>
</kw>
<kw name="Quando clicar no botão cadastrar" owner="login_page">
<msg time="2026-06-05T13:18:04.003103" level="TRACE">Arguments: [  ]</msg>
<kw name="Wait Until Element Is Visible" owner="SeleniumLibrary">
<msg time="2026-06-05T13:18:04.004610" level="TRACE">Arguments: [ 'css=[data-testid="cadastrar"]' | datetime.timedelta(seconds=10) ]</msg>
<msg time="2026-06-05T13:18:04.005319" level="DEBUG">POST http://localhost:53721/session/631502c42002a670c2fd71ab2a17a1e1/elements {'using': 'css selector', 'value': '[data-testid="cadastrar"]'}</msg>
<msg time="2026-06-05T13:18:04.022641" level="DEBUG">http://localhost:53721 "POST /session/631502c42002a670c2fd71ab2a17a1e1/elements HTTP/1.1" 200 0</msg>
<msg time="2026-06-05T13:18:04.022882" level="DEBUG">Remote response: status=200 | data={"value":[{"element-6066-11e4-a52e-4f735466cecf":"f.7E15F5FDABF03FCEA78F513BDA210DCF.d.A39578CEBADFCCB33F8C7BABBC8B7516.e.19"}]} | headers=HTTPHeaderDict({'Content-Length': '128', 'Content-Type': 'application/json; charset=utf-8', 'cache-control': 'no-cache'})</msg>
<msg time="2026-06-05T13:18:04.023025" level="DEBUG">Finished Request</msg>
<msg time="2026-06-05T13:18:04.025274" level="DEBUG">POST http://localhost:53721/session/631502c42002a670c2fd71ab2a17a1e1/execute/sync {'script': '/* isDisplayed */return ((function () {\n    var tagNameDescriptor = Object.getOwnPropertyDescriptor(...', 'args': [{'element-6066-11e4-a52e-4f735466cecf': 'f.7E15F5FDABF03FCEA78F513BDA210DCF.d.A39578CEBADFCCB33F8C7BABBC8B7516.e.19'}]}</msg>
<msg time="2026-06-05T13:18:04.038187" level="DEBUG">http://localhost:53721 "POST /session/631502c42002a670c2fd71ab2a17a1e1/execute/sync HTTP/1.1" 200 0</msg>
<msg time="2026-06-05T13:18:04.038326" level="DEBUG">Remote response: status=200 | data={"value":true} | headers=HTTPHeaderDict({'Content-Length': '14', 'Content-Type': 'application/json; charset=utf-8', 'cache-control': 'no-cache'})</msg>
<msg time="2026-06-05T13:18:04.038402" level="DEBUG">Finished Request</msg>
<msg time="2026-06-05T13:18:04.038470" level="TRACE">Return: None</msg>
<arg>${BTN_CADASTRAR}</arg>
<arg>10s</arg>
<doc>Waits until the element ``locator`` is visible.</doc>
<status status="PASS" start="2026-06-05T13:18:04.003455" elapsed="0.035104"/>
</kw>
<kw name="Click Element" owner="SeleniumLibrary">
<msg time="2026-06-05T13:18:04.039487" level="TRACE">Arguments: [ 'css=[data-testid="cadastrar"]' ]</msg>
<msg time="2026-06-05T13:18:04.039665" level="INFO">Clicking element 'css=[data-testid="cadastrar"]'.</msg>
<msg time="2026-06-05T13:18:04.039959" level="DEBUG">POST http://localhost:53721/session/631502c42002a670c2fd71ab2a17a1e1/elements {'using': 'css selector', 'value': '[data-testid="cadastrar"]'}</msg>
<msg time="2026-06-05T13:18:04.050919" level="DEBUG">http://localhost:53721 "POST /session/631502c42002a670c2fd71ab2a17a1e1/elements HTTP/1.1" 200 0</msg>
<msg time="2026-06-05T13:18:04.051216" level="DEBUG">Remote response: status=200 | data={"value":[{"element-6066-11e4-a52e-4f735466cecf":"f.7E15F5FDABF03FCEA78F513BDA210DCF.d.A39578CEBADFCCB33F8C7BABBC8B7516.e.19"}]} | headers=HTTPHeaderDict({'Content-Length': '128', 'Content-Type': 'application/json; charset=utf-8', 'cache-control': 'no-cache'})</msg>
<msg time="2026-06-05T13:18:04.051399" level="DEBUG">Finished Request</msg>
<msg time="2026-06-05T13:18:04.051686" level="DEBUG">POST http://localhost:53721/session/631502c42002a670c2fd71ab2a17a1e1/element/f.7E15F5FDABF03FCEA78F513BDA210DCF.d.A39578CEBADFCCB33F8C7BABBC8B7516.e.19/click {}</msg>
<msg time="2026-06-05T13:18:04.120484" level="DEBUG">http://localhost:53721 "POST /session/631502c42002a670c2fd71ab2a17a1e1/element/f.7E15F5FDABF03FCEA78F513BDA210DCF.d.A39578CEBADFCCB33F8C7BABBC8B7516.e.19/click HTTP/1.1" 200 0</msg>
<msg time="2026-06-05T13:18:04.120646" level="DEBUG">Remote response: status=200 | data={"value":null} | headers=HTTPHeaderDict({'Content-Length': '14', 'Content-Type': 'application/json; charset=utf-8', 'cache-control': 'no-cache'})</msg>
<msg time="2026-06-05T13:18:04.120729" level="DEBUG">Finished Request</msg>
<msg time="2026-06-05T13:18:04.120795" level="TRACE">Return: None</msg>
<arg>${BTN_CADASTRAR}</arg>
<doc>Click the element identified by ``locator``.</doc>
<status status="PASS" start="2026-06-05T13:18:04.038941" elapsed="0.081906"/>
</kw>
<msg time="2026-06-05T13:18:04.120939" level="TRACE">Return: None</msg>
<status status="PASS" start="2026-06-05T13:18:04.002650" elapsed="0.118331"/>
</kw>
<kw name="E marcar cadastro como administrador" owner="login_page">
<msg time="2026-06-05T13:18:04.121518" level="TRACE">Arguments: [  ]</msg>
<kw name="Click Element" owner="SeleniumLibrary">
<msg time="2026-06-05T13:18:04.121852" level="TRACE">Arguments: [ 'css=[data-testid="checkbox"]' ]</msg>
<msg time="2026-06-05T13:18:04.121956" level="INFO">Clicking element 'css=[data-testid="checkbox"]'.</msg>
<msg time="2026-06-05T13:18:04.122132" level="DEBUG">POST http://localhost:53721/session/631502c42002a670c2fd71ab2a17a1e1/elements {'using': 'css selector', 'value': '[data-testid="checkbox"]'}</msg>
<msg time="2026-06-05T13:18:04.132084" level="DEBUG">http://localhost:53721 "POST /session/631502c42002a670c2fd71ab2a17a1e1/elements HTTP/1.1" 200 0</msg>
<msg time="2026-06-05T13:18:04.132425" level="DEBUG">Remote response: status=200 | data={"value":[{"element-6066-11e4-a52e-4f735466cecf":"f.7E15F5FDABF03FCEA78F513BDA210DCF.d.A39578CEBADFCCB33F8C7BABBC8B7516.e.21"}]} | headers=HTTPHeaderDict({'Content-Length': '128', 'Content-Type': 'application/json; charset=utf-8', 'cache-control': 'no-cache'})</msg>
<msg time="2026-06-05T13:18:04.132578" level="DEBUG">Finished Request</msg>
<msg time="2026-06-05T13:18:04.132783" level="DEBUG">POST http://localhost:53721/session/631502c42002a670c2fd71ab2a17a1e1/element/f.7E15F5FDABF03FCEA78F513BDA210DCF.d.A39578CEBADFCCB33F8C7BABBC8B7516.e.21/click {}</msg>
<msg time="2026-06-05T13:18:04.254040" level="DEBUG">http://localhost:53721 "POST /session/631502c42002a670c2fd71ab2a17a1e1/element/f.7E15F5FDABF03FCEA78F513BDA210DCF.d.A39578CEBADFCCB33F8C7BABBC8B7516.e.21/click HTTP/1.1" 200 0</msg>
<msg time="2026-06-05T13:18:04.254174" level="DEBUG">Remote response: status=200 | data={"value":null} | headers=HTTPHeaderDict({'Content-Length': '14', 'Content-Type': 'application/json; charset=utf-8', 'cache-control': 'no-cache'})</msg>
<msg time="2026-06-05T13:18:04.254252" level="DEBUG">Finished Request</msg>
<msg time="2026-06-05T13:18:04.254312" level="TRACE">Return: None</msg>
<arg>${CHECK_CADASTRAR}</arg>
<doc>Click the element identified by ``locator``.</doc>
<status status="PASS" start="2026-06-05T13:18:04.121653" elapsed="0.132706"/>
</kw>
<msg time="2026-06-05T13:18:04.254441" level="TRACE">Return: None</msg>
<status status="PASS" start="2026-06-05T13:18:04.121329" elapsed="0.133149"/>
</kw>
<kw name="E preencher o campo nome" owner="login_page">
<msg time="2026-06-05T13:18:04.257023" level="TRACE">Arguments: [ ${nome}='Telma' ]</msg>
<kw name="Input Text" owner="SeleniumLibrary">
<msg time="2026-06-05T13:18:04.257735" level="TRACE">Arguments: [ 'css=[data-testid="nome"]' | 'Telma' ]</msg>
<msg time="2026-06-05T13:18:04.257882" level="INFO">Typing text 'Telma' into text field 'css=[data-testid="nome"]'.</msg>
<msg time="2026-06-05T13:18:04.258104" level="DEBUG">POST http://localhost:53721/session/631502c42002a670c2fd71ab2a17a1e1/elements {'using': 'css selector', 'value': '[data-testid="nome"]'}</msg>
<msg time="2026-06-05T13:18:04.283077" level="DEBUG">http://localhost:53721 "POST /session/631502c42002a670c2fd71ab2a17a1e1/elements HTTP/1.1" 200 0</msg>
<msg time="2026-06-05T13:18:04.283215" level="DEBUG">Remote response: status=200 | data={"value":[{"element-6066-11e4-a52e-4f735466cecf":"f.7E15F5FDABF03FCEA78F513BDA210DCF.d.A39578CEBADFCCB33F8C7BABBC8B7516.e.23"}]} | headers=HTTPHeaderDict({'Content-Length': '128', 'Content-Type': 'application/json; charset=utf-8', 'cache-control': 'no-cache'})</msg>
<msg time="2026-06-05T13:18:04.283295" level="DEBUG">Finished Request</msg>
<msg time="2026-06-05T13:18:04.283409" level="DEBUG">POST http://localhost:53721/session/631502c42002a670c2fd71ab2a17a1e1/element/f.7E15F5FDABF03FCEA78F513BDA210DCF.d.A39578CEBADFCCB33F8C7BABBC8B7516.e.23/clear {}</msg>
<msg time="2026-06-05T13:18:04.308052" level="DEBUG">http://localhost:53721 "POST /session/631502c42002a670c2fd71ab2a17a1e1/element/f.7E15F5FDABF03FCEA78F513BDA210DCF.d.A39578CEBADFCCB33F8C7BABBC8B7516.e.23/clear HTTP/1.1" 200 0</msg>
<msg time="2026-06-05T13:18:04.308191" level="DEBUG">Remote response: status=200 | data={"value":null} | headers=HTTPHeaderDict({'Content-Length': '14', 'Content-Type': 'application/json; charset=utf-8', 'cache-control': 'no-cache'})</msg>
<msg time="2026-06-05T13:18:04.308267" level="DEBUG">Finished Request</msg>
<msg time="2026-06-05T13:18:04.308394" level="DEBUG">POST http://localhost:53721/session/631502c42002a670c2fd71ab2a17a1e1/element/f.7E15F5FDABF03FCEA78F513BDA210DCF.d.A39578CEBADFCCB33F8C7BABBC8B7516.e.23/value {'text': 'Telma', 'value': ['T', 'e', 'l', 'm', 'a']}</msg>
<msg time="2026-06-05T13:18:04.360737" level="DEBUG">http://localhost:53721 "POST /session/631502c42002a670c2fd71ab2a17a1e1/element/f.7E15F5FDABF03FCEA78F513BDA210DCF.d.A39578CEBADFCCB33F8C7BABBC8B7516.e.23/value HTTP/1.1" 200 0</msg>
<msg time="2026-06-05T13:18:04.360900" level="DEBUG">Remote response: status=200 | data={"value":null} | headers=HTTPHeaderDict({'Content-Length': '14', 'Content-Type': 'application/json; charset=utf-8', 'cache-control': 'no-cache'})</msg>
<msg time="2026-06-05T13:18:04.360978" level="DEBUG">Finished Request</msg>
<msg time="2026-06-05T13:18:04.361039" level="TRACE">Return: None</msg>
<arg>${CAMPO_NOME}</arg>
<arg>${nome}</arg>
<doc>Types the given ``text`` into the text field identified by ``locator``.</doc>
<status status="PASS" start="2026-06-05T13:18:04.257328" elapsed="0.103758"/>
</kw>
<kw name="Sleep" owner="BuiltIn">
<msg time="2026-06-05T13:18:04.361543" level="TRACE">Arguments: [ datetime.timedelta(seconds=2) ]</msg>
<msg time="2026-06-05T13:18:06.362252" level="INFO">Slept 2 seconds.</msg>
<msg time="2026-06-05T13:18:06.362465" level="TRACE">Return: None</msg>
<arg>2s</arg>
<doc>Pauses the test executed for the given time.</doc>
<status status="PASS" start="2026-06-05T13:18:04.361250" elapsed="2.001333"/>
</kw>
<msg time="2026-06-05T13:18:06.362770" level="TRACE">Return: None</msg>
<arg>${nome}</arg>
<status status="PASS" start="2026-06-05T13:18:04.256610" elapsed="2.106249"/>
</kw>
<kw name="E preencher o campo email" owner="login_page">
<msg time="2026-06-05T13:18:06.364673" level="TRACE">Arguments: [ ${email}='telma@email.com' ]</msg>
<kw name="Input Text" owner="SeleniumLibrary">
<msg time="2026-06-05T13:18:06.365450" level="TRACE">Arguments: [ 'css=[data-testid="email"]' | 'telma@email.com' ]</msg>
<msg time="2026-06-05T13:18:06.365639" level="INFO">Typing text 'telma@email.com' into text field 'css=[data-testid="email"]'.</msg>
<msg time="2026-06-05T13:18:06.365913" level="DEBUG">POST http://localhost:53721/session/631502c42002a670c2fd71ab2a17a1e1/elements {'using': 'css selector', 'value': '[data-testid="email"]'}</msg>
<msg time="2026-06-05T13:18:06.386464" level="DEBUG">http://localhost:53721 "POST /session/631502c42002a670c2fd71ab2a17a1e1/elements HTTP/1.1" 200 0</msg>
<msg time="2026-06-05T13:18:06.386686" level="DEBUG">Remote response: status=200 | data={"value":[{"element-6066-11e4-a52e-4f735466cecf":"f.7E15F5FDABF03FCEA78F513BDA210DCF.d.A39578CEBADFCCB33F8C7BABBC8B7516.e.24"}]} | headers=HTTPHeaderDict({'Content-Length': '128', 'Content-Type': 'application/json; charset=utf-8', 'cache-control': 'no-cache'})</msg>
<msg time="2026-06-05T13:18:06.386929" level="DEBUG">Finished Request</msg>
<msg time="2026-06-05T13:18:06.387132" level="DEBUG">POST http://localhost:53721/session/631502c42002a670c2fd71ab2a17a1e1/element/f.7E15F5FDABF03FCEA78F513BDA210DCF.d.A39578CEBADFCCB33F8C7BABBC8B7516.e.24/clear {}</msg>
<msg time="2026-06-05T13:18:06.421228" level="DEBUG">http://localhost:53721 "POST /session/631502c42002a670c2fd71ab2a17a1e1/element/f.7E15F5FDABF03FCEA78F513BDA210DCF.d.A39578CEBADFCCB33F8C7BABBC8B7516.e.24/clear HTTP/1.1" 200 0</msg>
<msg time="2026-06-05T13:18:06.421457" level="DEBUG">Remote response: status=200 | data={"value":null} | headers=HTTPHeaderDict({'Content-Length': '14', 'Content-Type': 'application/json; charset=utf-8', 'cache-control': 'no-cache'})</msg>
<msg time="2026-06-05T13:18:06.421595" level="DEBUG">Finished Request</msg>
<msg time="2026-06-05T13:18:06.421830" level="DEBUG">POST http://localhost:53721/session/631502c42002a670c2fd71ab2a17a1e1/element/f.7E15F5FDABF03FCEA78F513BDA210DCF.d.A39578CEBADFCCB33F8C7BABBC8B7516.e.24/value {'text': 'telma@email.com', 'value': ['t', 'e', 'l', 'm', 'a', '@', 'e', 'm', 'a', 'i', 'l', '.', 'c', 'o', 'm']}</msg>
<msg time="2026-06-05T13:18:06.485073" level="DEBUG">http://localhost:53721 "POST /session/631502c42002a670c2fd71ab2a17a1e1/element/f.7E15F5FDABF03FCEA78F513BDA210DCF.d.A39578CEBADFCCB33F8C7BABBC8B7516.e.24/value HTTP/1.1" 200 0</msg>
<msg time="2026-06-05T13:18:06.485213" level="DEBUG">Remote response: status=200 | data={"value":null} | headers=HTTPHeaderDict({'Content-Length': '14', 'Content-Type': 'application/json; charset=utf-8', 'cache-control': 'no-cache'})</msg>
<msg time="2026-06-05T13:18:06.485288" level="DEBUG">Finished Request</msg>
<msg time="2026-06-05T13:18:06.485350" level="TRACE">Return: None</msg>
<arg>${CAMPO_EMAIL}</arg>
<arg>${email}</arg>
<doc>Types the given ``text`` into the text field identified by ``locator``.</doc>
<status status="PASS" start="2026-06-05T13:18:06.364987" elapsed="0.120411"/>
</kw>
<kw name="Sleep" owner="BuiltIn">
<msg time="2026-06-05T13:18:06.485887" level="TRACE">Arguments: [ datetime.timedelta(seconds=2) ]</msg>
<msg time="2026-06-05T13:18:08.486696" level="INFO">Slept 2 seconds.</msg>
<msg time="2026-06-05T13:18:08.487036" level="TRACE">Return: None</msg>
<arg>2s</arg>
<doc>Pauses the test executed for the given time.</doc>
<status status="PASS" start="2026-06-05T13:18:06.485605" elapsed="2.001625"/>
</kw>
<msg time="2026-06-05T13:18:08.487539" level="TRACE">Return: None</msg>
<arg>${email}</arg>
<status status="PASS" start="2026-06-05T13:18:06.364233" elapsed="2.123455"/>
</kw>
<kw name="E preencher o campo senha" owner="login_page">
<msg time="2026-06-05T13:18:08.489763" level="TRACE">Arguments: [ ${senha}='123456' ]</msg>
<kw name="Input Text" owner="SeleniumLibrary">
<msg time="2026-06-05T13:18:08.490985" level="TRACE">Arguments: [ 'css=[data-testid="password"]' | '123456' ]</msg>
<msg time="2026-06-05T13:18:08.491215" level="INFO">Typing text '123456' into text field 'css=[data-testid="password"]'.</msg>
<msg time="2026-06-05T13:18:08.491593" level="DEBUG">POST http://localhost:53721/session/631502c42002a670c2fd71ab2a17a1e1/elements {'using': 'css selector', 'value': '[data-testid="password"]'}</msg>
<msg time="2026-06-05T13:18:08.507085" level="DEBUG">http://localhost:53721 "POST /session/631502c42002a670c2fd71ab2a17a1e1/elements HTTP/1.1" 200 0</msg>
<msg time="2026-06-05T13:18:08.507231" level="DEBUG">Remote response: status=200 | data={"value":[{"element-6066-11e4-a52e-4f735466cecf":"f.7E15F5FDABF03FCEA78F513BDA210DCF.d.A39578CEBADFCCB33F8C7BABBC8B7516.e.25"}]} | headers=HTTPHeaderDict({'Content-Length': '128', 'Content-Type': 'application/json; charset=utf-8', 'cache-control': 'no-cache'})</msg>
<msg time="2026-06-05T13:18:08.507299" level="DEBUG">Finished Request</msg>
<msg time="2026-06-05T13:18:08.507393" level="DEBUG">POST http://localhost:53721/session/631502c42002a670c2fd71ab2a17a1e1/element/f.7E15F5FDABF03FCEA78F513BDA210DCF.d.A39578CEBADFCCB33F8C7BABBC8B7516.e.25/clear {}</msg>
<msg time="2026-06-05T13:18:08.536888" level="DEBUG">http://localhost:53721 "POST /session/631502c42002a670c2fd71ab2a17a1e1/element/f.7E15F5FDABF03FCEA78F513BDA210DCF.d.A39578CEBADFCCB33F8C7BABBC8B7516.e.25/clear HTTP/1.1" 200 0</msg>
<msg time="2026-06-05T13:18:08.537031" level="DEBUG">Remote response: status=200 | data={"value":null} | headers=HTTPHeaderDict({'Content-Length': '14', 'Content-Type': 'application/json; charset=utf-8', 'cache-control': 'no-cache'})</msg>
<msg time="2026-06-05T13:18:08.537112" level="DEBUG">Finished Request</msg>
<msg time="2026-06-05T13:18:08.537256" level="DEBUG">POST http://localhost:53721/session/631502c42002a670c2fd71ab2a17a1e1/element/f.7E15F5FDABF03FCEA78F513BDA210DCF.d.A39578CEBADFCCB33F8C7BABBC8B7516.e.25/value {'text': '123456', 'value': ['1', '2', '3', '4', '5', '6']}</msg>
<msg time="2026-06-05T13:18:08.612167" level="DEBUG">http://localhost:53721 "POST /session/631502c42002a670c2fd71ab2a17a1e1/element/f.7E15F5FDABF03FCEA78F513BDA210DCF.d.A39578CEBADFCCB33F8C7BABBC8B7516.e.25/value HTTP/1.1" 200 0</msg>
<msg time="2026-06-05T13:18:08.612322" level="DEBUG">Remote response: status=200 | data={"value":null} | headers=HTTPHeaderDict({'Content-Length': '14', 'Content-Type': 'application/json; charset=utf-8', 'cache-control': 'no-cache'})</msg>
<msg time="2026-06-05T13:18:08.612398" level="DEBUG">Finished Request</msg>
<msg time="2026-06-05T13:18:08.612458" level="TRACE">Return: None</msg>
<arg>${CAMPO_SENHA}</arg>
<arg>${senha}</arg>
<doc>Types the given ``text`` into the text field identified by ``locator``.</doc>
<status status="PASS" start="2026-06-05T13:18:08.490249" elapsed="0.122257"/>
</kw>
<kw name="Sleep" owner="BuiltIn">
<msg time="2026-06-05T13:18:08.613086" level="TRACE">Arguments: [ datetime.timedelta(seconds=2) ]</msg>
<msg time="2026-06-05T13:18:10.617800" level="INFO">Slept 2 seconds.</msg>
<msg time="2026-06-05T13:18:10.617924" level="TRACE">Return: None</msg>
<arg>2s</arg>
<doc>Pauses the test executed for the given time.</doc>
<status status="PASS" start="2026-06-05T13:18:08.612677" elapsed="2.005503"/>
</kw>
<msg time="2026-06-05T13:18:10.618306" level="TRACE">Return: None</msg>
<arg>${senha}</arg>
<status status="PASS" start="2026-06-05T13:18:08.489004" elapsed="2.129348"/>
</kw>
<kw name="Fechar navegador" owner="base" type="TEARDOWN">
<msg time="2026-06-05T13:18:10.619358" level="TRACE">Arguments: [  ]</msg>
<kw name="Close Browser" owner="SeleniumLibrary">
<msg time="2026-06-05T13:18:10.619532" level="TRACE">Arguments: [  ]</msg>
<msg time="2026-06-05T13:18:10.619599" level="DEBUG">Closing browser with session id 631502c42002a670c2fd71ab2a17a1e1.</msg>
<msg time="2026-06-05T13:18:10.619721" level="DEBUG">DELETE http://localhost:53721/session/631502c42002a670c2fd71ab2a17a1e1 {}</msg>
<msg time="2026-06-05T13:18:10.684059" level="DEBUG">http://localhost:53721 "DELETE /session/631502c42002a670c2fd71ab2a17a1e1 HTTP/1.1" 200 0</msg>
<msg time="2026-06-05T13:18:10.684266" level="DEBUG">Remote response: status=200 | data={"value":null} | headers=HTTPHeaderDict({'Content-Length': '14', 'Content-Type': 'application/json; charset=utf-8', 'cache-control': 'no-cache'})</msg>
<msg time="2026-06-05T13:18:10.684366" level="DEBUG">Finished Request</msg>
<msg time="2026-06-05T13:18:12.800307" level="TRACE">Return: None</msg>
<doc>Closes the current browser.</doc>
<status status="PASS" start="2026-06-05T13:18:10.619479" elapsed="2.180964"/>
</kw>
<msg time="2026-06-05T13:18:12.800564" level="TRACE">Return: None</msg>
<status status="PASS" start="2026-06-05T13:18:10.619168" elapsed="2.181448"/>
</kw>
<status status="PASS" start="2026-06-05T13:17:59.670914" elapsed="13.129950"/>
</test>
<test id="s1-t2" name="Cadastro com dados do banco falha" line="26">
<kw name="Abrir navegador" owner="base" type="SETUP">
<msg time="2026-06-05T13:18:12.802108" level="TRACE">Arguments: [  ]</msg>
<kw name="Open Browser" owner="SeleniumLibrary">
<msg time="2026-06-05T13:18:12.802418" level="TRACE">Arguments: [ 'https://front.serverest.dev/' | 'chrome' ]</msg>
<msg time="2026-06-05T13:18:12.802524" level="INFO">Opening browser 'chrome' to base url 'https://front.serverest.dev/'.</msg>
<msg time="2026-06-05T13:18:12.803989" level="DEBUG">Selenium Manager binary found at: C:\Users\dbservices\AppData\Local\Programs\Python\Python314\Lib\site-packages\selenium\webdriver\common\windows\selenium-manager.exe</msg>
<msg time="2026-06-05T13:18:12.804061" level="DEBUG">Executing process: C:\Users\dbservices\AppData\Local\Programs\Python\Python314\Lib\site-packages\selenium\webdriver\common\windows\selenium-manager.exe --browser chrome --language-binding python --output json</msg>
<msg time="2026-06-05T13:18:12.913381" level="DEBUG">Driver path: C:\Users\dbservices\.cache\selenium\chromedriver\win64\148.0.7778.178\chromedriver.exe</msg>
<msg time="2026-06-05T13:18:12.913476" level="DEBUG">Browser path: C:\Program Files\Google\Chrome\Application\chrome.exe</msg>
<msg time="2026-06-05T13:18:12.922175" level="DEBUG">Started executable: `C:\Users\dbservices\.cache\selenium\chromedriver\win64\148.0.7778.178\chromedriver.exe` in a child process with pid: 20988 using 0 to output -3</msg>
<msg time="2026-06-05T13:18:13.455367" level="DEBUG">POST http://localhost:64415/session {'capabilities': {'firstMatch': [{}], 'alwaysMatch': {'browserName': 'chrome', 'pageLoadStrategy': &lt;PageLoadStrategy.normal: 'normal'&gt;, 'browserVersion': None, 'goog:chromeOptions': {'extensions': [], 'binary': 'C:\\Program Files\\Google\\Chrome\\Application\\chrome.exe', 'args': []}}}}</msg>
<msg time="2026-06-05T13:18:13.456075" level="DEBUG">Starting new HTTP connection (1): localhost:64415</msg>
<msg time="2026-06-05T13:18:14.093506" level="DEBUG">http://localhost:64415 "POST /session HTTP/1.1" 200 0</msg>
<msg time="2026-06-05T13:18:14.093620" level="DEBUG">Remote response: status=200 | data={"value":{"capabilities":{"acceptInsecureCerts":false,"browserName":"chrome","browserVersion":"148.0.7778.179","chrome":{"chromedriverVersion":"148.0.7778.178 (d096af1c9e98c45c3596e59620622b1a049bfecb-refs/branch-heads/7778@{#3196})","userDataDir":"C:\\Users\\DBSERV~1\\AppData\\Local\\Temp\\scoped_dir20988_553199658"},"fedcm:accounts":true,"goog:chromeOptions":{"debuggerAddress":"localhost:64418"},"goog:processID":22280,"networkConnectionEnabled":false,"pageLoadStrategy":"normal","platformName":"windows","proxy":{},"setWindowRect":true,"strictFileInteractability":false,"timeouts":{"implicit":0,"pageLoad":300000,"script":30000},"unhandledPromptBehavior":"dismiss and notify","webauthn:extension:credBlob":true,"webauthn:extension:largeBlob":true,"webauthn:extension:minPinLength":true,"webauthn:extension:prf":true,"webauthn:virtualAuthenticators":true},"sessionId":"12429fbb5f94995485337a91d8f1b8b8"}} | headers=HTTPHeaderDict({'Content-Length': '909', 'Content-Type': 'application/json; charset=utf-8', 'cache-control': 'no-cache'})</msg>
<msg time="2026-06-05T13:18:14.093681" level="DEBUG">Finished Request</msg>
<msg time="2026-06-05T13:18:14.093780" level="DEBUG">POST http://localhost:64415/session/12429fbb5f94995485337a91d8f1b8b8/timeouts {'script': 5000}</msg>
<msg time="2026-06-05T13:18:14.094467" level="DEBUG">http://localhost:64415 "POST /session/12429fbb5f94995485337a91d8f1b8b8/timeouts HTTP/1.1" 200 0</msg>
<msg time="2026-06-05T13:18:14.094586" level="DEBUG">Remote response: status=200 | data={"value":null} | headers=HTTPHeaderDict({'Content-Length': '14', 'Content-Type': 'application/json; charset=utf-8', 'cache-control': 'no-cache'})</msg>
<msg time="2026-06-05T13:18:14.094661" level="DEBUG">Finished Request</msg>
<msg time="2026-06-05T13:18:14.094765" level="DEBUG">POST http://localhost:64415/session/12429fbb5f94995485337a91d8f1b8b8/timeouts {'implicit': 0}</msg>
<msg time="2026-06-05T13:18:14.095535" level="DEBUG">http://localhost:64415 "POST /session/12429fbb5f94995485337a91d8f1b8b8/timeouts HTTP/1.1" 200 0</msg>
<msg time="2026-06-05T13:18:14.095635" level="DEBUG">Remote response: status=200 | data={"value":null} | headers=HTTPHeaderDict({'Content-Length': '14', 'Content-Type': 'application/json; charset=utf-8', 'cache-control': 'no-cache'})</msg>
<msg time="2026-06-05T13:18:14.095724" level="DEBUG">Finished Request</msg>
<msg time="2026-06-05T13:18:14.095819" level="DEBUG">POST http://localhost:64415/session/12429fbb5f94995485337a91d8f1b8b8/timeouts {'pageLoad': 300000}</msg>
<msg time="2026-06-05T13:18:14.096517" level="DEBUG">http://localhost:64415 "POST /session/12429fbb5f94995485337a91d8f1b8b8/timeouts HTTP/1.1" 200 0</msg>
<msg time="2026-06-05T13:18:14.096610" level="DEBUG">Remote response: status=200 | data={"value":null} | headers=HTTPHeaderDict({'Content-Length': '14', 'Content-Type': 'application/json; charset=utf-8', 'cache-control': 'no-cache'})</msg>
<msg time="2026-06-05T13:18:14.096676" level="DEBUG">Finished Request</msg>
<msg time="2026-06-05T13:18:14.096775" level="DEBUG">POST http://localhost:64415/session/12429fbb5f94995485337a91d8f1b8b8/url {'url': 'https://front.serverest.dev/'}</msg>
<msg time="2026-06-05T13:18:16.600973" level="DEBUG">http://localhost:64415 "POST /session/12429fbb5f94995485337a91d8f1b8b8/url HTTP/1.1" 200 0</msg>
<msg time="2026-06-05T13:18:16.601082" level="DEBUG">Remote response: status=200 | data={"value":null} | headers=HTTPHeaderDict({'Content-Length': '14', 'Content-Type': 'application/json; charset=utf-8', 'cache-control': 'no-cache'})</msg>
<msg time="2026-06-05T13:18:16.601131" level="DEBUG">Finished Request</msg>
<msg time="2026-06-05T13:18:16.601162" level="DEBUG">Opened browser with session id 12429fbb5f94995485337a91d8f1b8b8.</msg>
<msg time="2026-06-05T13:18:16.601193" level="TRACE">Return: 2</msg>
<arg>${URL}</arg>
<arg>${BROWSER}</arg>
<doc>Opens a new browser instance to the optional ``url``.</doc>
<status status="PASS" start="2026-06-05T13:18:12.802259" elapsed="3.798968"/>
</kw>
<kw name="Maximize Browser Window" owner="SeleniumLibrary">
<msg time="2026-06-05T13:18:16.601421" level="TRACE">Arguments: [  ]</msg>
<msg time="2026-06-05T13:18:16.601520" level="DEBUG">POST http://localhost:64415/session/12429fbb5f94995485337a91d8f1b8b8/window/maximize {}</msg>
<msg time="2026-06-05T13:18:16.704831" level="DEBUG">http://localhost:64415 "POST /session/12429fbb5f94995485337a91d8f1b8b8/window/maximize HTTP/1.1" 200 0</msg>
<msg time="2026-06-05T13:18:16.705007" level="DEBUG">Remote response: status=200 | data={"value":{"height":736,"width":1382,"x":-8,"y":-8}} | headers=HTTPHeaderDict({'Content-Length': '51', 'Content-Type': 'application/json; charset=utf-8', 'cache-control': 'no-cache'})</msg>
<msg time="2026-06-05T13:18:16.705092" level="DEBUG">Finished Request</msg>
<msg time="2026-06-05T13:18:16.705166" level="TRACE">Return: None</msg>
<doc>Maximizes current browser window.</doc>
<status status="PASS" start="2026-06-05T13:18:16.601364" elapsed="0.103858"/>
</kw>
<msg time="2026-06-05T13:18:16.705321" level="TRACE">Return: None</msg>
<status status="PASS" start="2026-06-05T13:18:12.801943" elapsed="3.903417"/>
</kw>
<kw name="Conectar Banco" owner="banco">
<msg time="2026-06-05T13:18:16.706188" level="TRACE">Arguments: [  ]</msg>
<kw name="Connect To Database" owner="DatabaseLibrary">
<msg time="2026-06-05T13:18:16.707009" level="TRACE">Arguments: [ 'mysql.connector' | 'robotdb' | 'root' | 'root' | 'localhost' | 3306 ]</msg>
<msg time="2026-06-05T13:18:16.707246" level="INFO">Looking for configuration file: 'resources\db.cfg'</msg>
<msg time="2026-06-05T13:18:16.707436" level="INFO">Configuration file doesn't exist</msg>
<msg time="2026-06-05T13:18:16.707522" level="DEBUG">Configuration file not loaded</msg>
<msg time="2026-06-05T13:18:16.707586" level="DEBUG">Configuration file not loaded</msg>
<msg time="2026-06-05T13:18:16.707635" level="DEBUG">Configuration file not loaded</msg>
<msg time="2026-06-05T13:18:16.707681" level="DEBUG">Configuration file not loaded</msg>
<msg time="2026-06-05T13:18:16.707727" level="DEBUG">Configuration file not loaded</msg>
<msg time="2026-06-05T13:18:16.707776" level="DEBUG">Configuration file not loaded</msg>
<msg time="2026-06-05T13:18:16.707825" level="DEBUG">Configuration file not loaded</msg>
<msg time="2026-06-05T13:18:16.707871" level="DEBUG">Configuration file not loaded</msg>
<msg time="2026-06-05T13:18:16.707923" level="DEBUG">Configuration file not loaded</msg>
<msg time="2026-06-05T13:18:16.707974" level="DEBUG">Configuration file not loaded</msg>
<msg time="2026-06-05T13:18:16.708036" level="DEBUG">Configuration file not loaded</msg>
<msg time="2026-06-05T13:18:16.708099" level="DEBUG">Configuration file not loaded</msg>
<msg time="2026-06-05T13:18:16.708198" level="DEBUG">Configuration file not loaded</msg>
<msg time="2026-06-05T13:18:16.708254" level="DEBUG">Configuration file not loaded</msg>
<msg time="2026-06-05T13:18:16.708306" level="DEBUG">Configuration file not loaded</msg>
<msg time="2026-06-05T13:18:16.708356" level="DEBUG">Configuration file not loaded</msg>
<msg time="2026-06-05T13:18:16.708413" level="DEBUG">Configuration file not loaded</msg>
<msg time="2026-06-05T13:18:16.708457" level="DEBUG">Configuration file not loaded</msg>
<msg time="2026-06-05T13:18:16.708507" level="DEBUG">Configuration file not loaded</msg>
<msg time="2026-06-05T13:18:16.708639" level="INFO">Connect to DB using : mysql.connector.connect(database='robotdb', user=***, password=***, host='localhost', port=3306)</msg>
<msg time="2026-06-05T13:18:16.722255" level="WARN">Overwriting not closed connection.</msg>
<msg time="2026-06-05T13:18:16.723498" level="TRACE">Return: None</msg>
<arg>mysql.connector</arg>
<arg>robotdb</arg>
<arg>root</arg>
<arg>root</arg>
<arg>localhost</arg>
<arg>3306</arg>
<doc>Creates a database connection using the DB API 2.0 ``db_module`` and the parameters provided.
Along with listed commonly used arguments (`db_name`, `db_host` etc.)
you can set any other DB module specific parameters as key/value pairs.</doc>
<status status="PASS" start="2026-06-05T13:18:16.706578" elapsed="0.017072"/>
</kw>
<msg time="2026-06-05T13:18:16.723992" level="TRACE">Return: None</msg>
<status status="PASS" start="2026-06-05T13:18:16.705900" elapsed="0.018199"/>
</kw>
<kw name="Buscar Usuario Por Nome" owner="banco">
<msg time="2026-06-05T13:18:16.725098" level="TRACE">Arguments: [ ${nome}='leo' ]</msg>
<kw name="Query" owner="DatabaseLibrary">
<msg time="2026-06-05T13:18:16.725808" level="TRACE">Arguments: [ "SELECT nome, email, senha FROM usuarios WHERE nome='leo'" ]</msg>
<msg time="2026-06-05T13:18:16.726499" level="INFO" html="true">Executing sql:&lt;br&gt;&lt;code style="font-weight: bold;"&gt;SELECT nome, email, senha FROM usuarios WHERE nome='leo'&lt;/code&gt;</msg>
<msg time="2026-06-05T13:18:16.727500" level="INFO">Commit the transaction</msg>
<msg time="2026-06-05T13:18:16.728298" level="INFO" html="true">&lt;div style="max-width: 100%; overflow-x: auto; max-height: 500px; overflow-y: auto;"&gt;&lt;table style="width: auto; border-collapse: collapse; border: 2px solid rgb(140 140 140)"&gt;&lt;caption style="text-align: left; font-weight: bold; padding: 5px;"&gt;Query returned 0 rows&lt;/caption&gt;&lt;tr&gt;&lt;th scope="col" style="position: sticky; top: 0; color:black; background-color: #d6ecd4; border: 1px solid rgb(160 160 160);padding: 8px 10px;text-align: center;"&gt;Row&lt;/th&gt;&lt;th scope="col" style="position: sticky; top: 0; background-color: #505050; color: #fff;border: 1px solid rgb(160 160 160);padding: 8px 10px;text-align: center;"&gt;nome&lt;/th&gt;&lt;th scope="col" style="position: sticky; top: 0; background-color: #505050; color: #fff;border: 1px solid rgb(160 160 160);padding: 8px 10px;text-align: center;"&gt;email&lt;/th&gt;&lt;th scope="col" style="position: sticky; top: 0; background-color: #505050; color: #fff;border: 1px solid rgb(160 160 160);padding: 8px 10px;text-align: center;"&gt;senha&lt;/th&gt;&lt;/tr&gt;&lt;/table&gt;&lt;/div&gt;</msg>
<msg time="2026-06-05T13:18:16.728482" level="TRACE">Return: []</msg>
<msg time="2026-06-05T13:18:16.728697" level="INFO">${resultado} = []</msg>
<var>${resultado}</var>
<arg>SELECT nome, email, senha FROM usuarios WHERE nome='${nome}'</arg>
<doc>Runs a query with the ``select_statement`` and returns the result as list of rows.
The type of row values depends on the database module -
usually they are tuples or tuple-like objects.</doc>
<status status="PASS" start="2026-06-05T13:18:16.725447" elapsed="0.003317"/>
</kw>
<return>
<value>${resultado}</value>
<status status="PASS" start="2026-06-05T13:18:16.728992" elapsed="0.000136"/>
</return>
<msg time="2026-06-05T13:18:16.729427" level="TRACE">Return: []</msg>
<msg time="2026-06-05T13:18:16.729583" level="INFO">${usuario} = []</msg>
<var>${usuario}</var>
<arg>leo</arg>
<status status="PASS" start="2026-06-05T13:18:16.724633" elapsed="0.005016"/>
</kw>
<kw name="Set Variable" owner="BuiltIn">
<msg time="2026-06-05T13:18:16.731463" level="FAIL">List '${usuario}' has no item in index 0.</msg>
<var>${nome}</var>
<arg>${usuario}[0][0]</arg>
<doc>Returns the given values which can then be assigned to a variables.</doc>
<status status="FAIL" start="2026-06-05T13:18:16.730713" elapsed="0.000863">List '${usuario}' has no item in index 0.</status>
</kw>
<kw name="Set Variable" owner="BuiltIn">
<var>${email}</var>
<arg>${usuario}[0][1]</arg>
<doc>Returns the given values which can then be assigned to a variables.</doc>
<status status="NOT RUN" start="2026-06-05T13:18:16.732216" elapsed="0.000086"/>
</kw>
<kw name="Set Variable" owner="BuiltIn">
<var>${senha}</var>
<arg>${usuario}[0][2]</arg>
<doc>Returns the given values which can then be assigned to a variables.</doc>
<status status="NOT RUN" start="2026-06-05T13:18:16.732867" elapsed="0.000073"/>
</kw>
<kw name="Dado que o usuário está na página inicial" owner="login_page">
<status status="NOT RUN" start="2026-06-05T13:18:16.733481" elapsed="0.000078"/>
</kw>
<kw name="Quando clicar no botão cadastrar" owner="login_page">
<status status="NOT RUN" start="2026-06-05T13:18:16.734187" elapsed="0.000090"/>
</kw>
<kw name="E marcar cadastro como administrador" owner="login_page">
<status status="NOT RUN" start="2026-06-05T13:18:16.734715" elapsed="0.000138"/>
</kw>
<kw name="E preencher o campo nome" owner="login_page">
<arg>${nome}</arg>
<status status="NOT RUN" start="2026-06-05T13:18:16.735789" elapsed="0.000166"/>
</kw>
<kw name="E preencher o campo email" owner="login_page">
<arg>${email}</arg>
<status status="NOT RUN" start="2026-06-05T13:18:16.737138" elapsed="0.000120"/>
</kw>
<kw name="E preencher o campo senha" owner="login_page">
<arg>${senha}</arg>
<status status="NOT RUN" start="2026-06-05T13:18:16.737669" elapsed="0.000071"/>
</kw>
<kw name="Fechar navegador" owner="base" type="TEARDOWN">
<msg time="2026-06-05T13:18:16.738461" level="TRACE">Arguments: [  ]</msg>
<kw name="Close Browser" owner="SeleniumLibrary">
<msg time="2026-06-05T13:18:16.738650" level="TRACE">Arguments: [  ]</msg>
<msg time="2026-06-05T13:18:16.738724" level="DEBUG">Closing browser with session id 12429fbb5f94995485337a91d8f1b8b8.</msg>
<msg time="2026-06-05T13:18:16.738860" level="DEBUG">DELETE http://localhost:64415/session/12429fbb5f94995485337a91d8f1b8b8 {}</msg>
<msg time="2026-06-05T13:18:16.809446" level="DEBUG">http://localhost:64415 "DELETE /session/12429fbb5f94995485337a91d8f1b8b8 HTTP/1.1" 200 0</msg>
<msg time="2026-06-05T13:18:16.809663" level="DEBUG">Remote response: status=200 | data={"value":null} | headers=HTTPHeaderDict({'Content-Length': '14', 'Content-Type': 'application/json; charset=utf-8', 'cache-control': 'no-cache'})</msg>
<msg time="2026-06-05T13:18:16.809758" level="DEBUG">Finished Request</msg>
<msg time="2026-06-05T13:18:18.960357" level="TRACE">Return: None</msg>
<doc>Closes the current browser.</doc>
<status status="PASS" start="2026-06-05T13:18:16.738594" elapsed="2.221943"/>
</kw>
<msg time="2026-06-05T13:18:18.960700" level="TRACE">Return: None</msg>
<status status="PASS" start="2026-06-05T13:18:16.738256" elapsed="2.222519"/>
</kw>
<status status="FAIL" start="2026-06-05T13:18:12.801468" elapsed="6.159706">List '${usuario}' has no item in index 0.</status>
</test>
<status status="FAIL" start="2026-06-05T13:17:59.423676" elapsed="19.538640"/>
</suite>
<statistics>
<total>
<stat pass="1" fail="1" skip="0">All Tests</stat>
</total>
<tag>
</tag>
<suite>
<stat name="Consulta Banco Test" id="s1" pass="1" fail="1" skip="0">Consulta Banco Test</stat>
</suite>
</statistics>
<errors>
<msg time="2026-06-05T13:18:16.722255" level="WARN">Overwriting not closed connection.</msg>
</errors>
</robot>
